\BOOKMARK [0][-]{chapter.1}{\376\377\0001\000\040\004\020\004\073\004\104\004\060\004\062\004\070\004\102\004\075\004\113\004\071\000\040\004\103\004\072\004\060\004\067\004\060\004\102\004\065\004\073\004\114\000\040\004\063\004\100\004\103\004\077\004\077}{}% 1
\BOOKMARK [1][-]{section.1.1}{\376\377\0001\000.\0001\000\040\004\023\004\100\004\103\004\077\004\077\004\113}{chapter.1}% 2
\BOOKMARK [0][-]{chapter.2}{\376\377\0002\000\040\004\020\004\073\004\104\004\060\004\062\004\070\004\102\004\075\004\113\004\071\000\040\004\103\004\072\004\060\004\067\004\060\004\102\004\065\004\073\004\114\000\040\004\077\004\100\004\076\004\101\004\102\004\100\004\060\004\075\004\101\004\102\004\062\000\040\004\070\004\074\004\065\004\075}{}% 3
\BOOKMARK [1][-]{section.2.1}{\376\377\0002\000.\0001\000\040\004\037\004\100\004\076\004\101\004\102\004\100\004\060\004\075\004\101\004\102\004\062\004\060\000\040\004\070\004\074\004\065\004\075}{chapter.2}% 4
\BOOKMARK [0][-]{chapter.3}{\376\377\0003\000\040\004\030\004\065\004\100\004\060\004\100\004\105\004\070\004\107\004\065\004\101\004\072\004\070\004\071\000\040\004\101\004\077\004\070\004\101\004\076\004\072\000\040\004\072\004\073\004\060\004\101\004\101\004\076\004\062}{}% 5
\BOOKMARK [1][-]{section.3.1}{\376\377\0003\000.\0001\000\040\004\030\004\065\004\100\004\060\004\100\004\105\004\070\004\117\000\040\004\072\004\073\004\060\004\101\004\101\004\076\004\062}{chapter.3}% 6
\BOOKMARK [0][-]{chapter.4}{\376\377\0004\000\040\004\020\004\073\004\104\004\060\004\062\004\070\004\102\004\075\004\113\004\071\000\040\004\103\004\072\004\060\004\067\004\060\004\102\004\065\004\073\004\114\000\040\004\072\004\073\004\060\004\101\004\101\004\076\004\062}{}% 7
\BOOKMARK [1][-]{section.4.1}{\376\377\0004\000.\0001\000\040\004\032\004\073\004\060\004\101\004\101\004\113}{chapter.4}% 8
\BOOKMARK [0][-]{chapter.5}{\376\377\0005\000\040\004\041\004\077\004\070\004\101\004\076\004\072\000\040\004\104\004\060\004\071\004\073\004\076\004\062}{}% 9
\BOOKMARK [1][-]{section.5.1}{\376\377\0005\000.\0001\000\040\004\044\004\060\004\071\004\073\004\113}{chapter.5}% 10
\BOOKMARK [0][-]{chapter.6}{\376\377\0006\000\040\004\023\004\100\004\103\004\077\004\077\004\113}{}% 11
\BOOKMARK [1][-]{section.6.1}{\376\377\0006\000.\0001\000\040\004\040\004\065\004\072\004\076\004\100\004\064\004\065\004\100}{chapter.6}% 12
\BOOKMARK [2][-]{subsection.6.1.1}{\376\377\0006\000.\0001\000.\0001\000\040\004\037\004\076\004\064\004\100\004\076\004\061\004\075\004\076\004\065\000\040\004\076\004\077\004\070\004\101\004\060\004\075\004\070\004\065}{section.6.1}% 13
\BOOKMARK [1][-]{section.6.2}{\376\377\0006\000.\0002\000\040\004\041\004\065\004\102\004\072\004\060\000\040\004\062\004\070\004\064\004\065\004\076\004\077\004\076\004\102\004\076\004\072\004\076\004\062}{chapter.6}% 14
\BOOKMARK [2][-]{subsection.6.2.1}{\376\377\0006\000.\0002\000.\0001\000\040\004\037\004\076\004\064\004\100\004\076\004\061\004\075\004\076\004\065\000\040\004\076\004\077\004\070\004\101\004\060\004\075\004\070\004\065}{section.6.2}% 15
\BOOKMARK [1][-]{section.6.3}{\376\377\0006\000.\0003\000\040\004\041\004\065\004\102\004\065\004\062\004\076\004\071\000\040\004\074\004\076\004\075\004\070\004\102\004\076\004\100}{chapter.6}% 16
\BOOKMARK [2][-]{subsection.6.3.1}{\376\377\0006\000.\0003\000.\0001\000\040\004\037\004\076\004\064\004\100\004\076\004\061\004\075\004\076\004\065\000\040\004\076\004\077\004\070\004\101\004\060\004\075\004\070\004\065}{section.6.3}% 17
\BOOKMARK [0][-]{chapter.7}{\376\377\0007\000\040\004\037\004\100\004\076\004\101\004\102\004\100\004\060\004\075\004\101\004\102\004\062\004\060\000\040\004\070\004\074\004\065\004\075}{}% 18
\BOOKMARK [1][-]{section.7.1}{\376\377\0007\000.\0001\000\040\004\037\004\100\004\076\004\101\004\102\004\100\004\060\004\075\004\101\004\102\004\062\004\076\000\040\004\070\004\074\004\065\004\075\000\040\000f\000r\000o\000m\000-\000g\000s\000u\000i\000t\000e}{chapter.7}% 19
\BOOKMARK [2][-]{subsection.7.1.1}{\376\377\0007\000.\0001\000.\0001\000\040\004\044\004\103\004\075\004\072\004\106\004\070\004\070}{section.7.1}% 20
\BOOKMARK [3][-]{subsubsection.7.1.1.1}{\376\377\0007\000.\0001\000.\0001\000.\0001\000\040\000m\000a\000i\000n\000\050\000\051}{subsection.7.1.1}% 21
\BOOKMARK [2][-]{subsection.7.1.2}{\376\377\0007\000.\0001\000.\0002\000\040\004\037\004\065\004\100\004\065\004\074\004\065\004\075\004\075\004\113\004\065}{section.7.1}% 22
\BOOKMARK [3][-]{subsubsection.7.1.2.1}{\376\377\0007\000.\0001\000.\0002\000.\0001\000\040\000S\000C\000O\000P\000E\000S}{subsection.7.1.2}% 23
\BOOKMARK [1][-]{section.7.2}{\376\377\0007\000.\0002\000\040\004\037\004\100\004\076\004\101\004\102\004\100\004\060\004\075\004\101\004\102\004\062\004\076\000\040\004\070\004\074\004\065\004\075\000\040\000g\000p\000i\000o}{chapter.7}% 24
\BOOKMARK [2][-]{subsection.7.2.1}{\376\377\0007\000.\0002\000.\0001\000\040\004\044\004\103\004\075\004\072\004\106\004\070\004\070}{section.7.2}% 25
\BOOKMARK [3][-]{subsubsection.7.2.1.1}{\376\377\0007\000.\0002\000.\0001\000.\0001\000\040\000k\000e\000y\000p\000r\000e\000s\000s\000\050\000\051}{subsection.7.2.1}% 26
\BOOKMARK [3][-]{subsubsection.7.2.1.2}{\376\377\0007\000.\0002\000.\0001\000.\0002\000\040\000m\000a\000i\000n\000\050\000\051}{subsection.7.2.1}% 27
\BOOKMARK [3][-]{subsubsection.7.2.1.3}{\376\377\0007\000.\0002\000.\0001\000.\0003\000\040\000m\000e\000n\000u\000\137\000c\000b\000\050\000\051}{subsection.7.2.1}% 28
\BOOKMARK [3][-]{subsubsection.7.2.1.4}{\376\377\0007\000.\0002\000.\0001\000.\0004\000\040\000r\000e\000c\000\137\000c\000b\000\050\000\051}{subsection.7.2.1}% 29
\BOOKMARK [3][-]{subsubsection.7.2.1.5}{\376\377\0007\000.\0002\000.\0001\000.\0005\000\040\000s\000t\000o\000p\000\137\000c\000b\000\050\000\051}{subsection.7.2.1}% 30
\BOOKMARK [2][-]{subsection.7.2.2}{\376\377\0007\000.\0002\000.\0002\000\040\004\037\004\065\004\100\004\065\004\074\004\065\004\075\004\075\004\113\004\065}{section.7.2}% 31
\BOOKMARK [3][-]{subsubsection.7.2.2.1}{\376\377\0007\000.\0002\000.\0002\000.\0001\000\040\000k\000e\000y\000\137\000m}{subsection.7.2.2}% 32
\BOOKMARK [3][-]{subsubsection.7.2.2.2}{\376\377\0007\000.\0002\000.\0002\000.\0002\000\040\000k\000e\000y\000\137\000r}{subsection.7.2.2}% 33
\BOOKMARK [3][-]{subsubsection.7.2.2.3}{\376\377\0007\000.\0002\000.\0002\000.\0003\000\040\000k\000e\000y\000\137\000s}{subsection.7.2.2}% 34
\BOOKMARK [3][-]{subsubsection.7.2.2.4}{\376\377\0007\000.\0002\000.\0002\000.\0004\000\040\000m\000e\000n\000u}{subsection.7.2.2}% 35
\BOOKMARK [3][-]{subsubsection.7.2.2.5}{\376\377\0007\000.\0002\000.\0002\000.\0005\000\040\000r\000e\000c}{subsection.7.2.2}% 36
\BOOKMARK [3][-]{subsubsection.7.2.2.6}{\376\377\0007\000.\0002\000.\0002\000.\0006\000\040\000s\000t\000o\000p}{subsection.7.2.2}% 37
\BOOKMARK [1][-]{section.7.3}{\376\377\0007\000.\0003\000\040\004\037\004\100\004\076\004\101\004\102\004\100\004\060\004\075\004\101\004\102\004\062\004\076\000\040\004\070\004\074\004\065\004\075\000\040\000u\000i}{chapter.7}% 38
\BOOKMARK [2][-]{subsection.7.3.1}{\376\377\0007\000.\0003\000.\0001\000\040\004\044\004\103\004\075\004\072\004\106\004\070\004\070}{section.7.3}% 39
\BOOKMARK [3][-]{subsubsection.7.3.1.1}{\376\377\0007\000.\0003\000.\0001\000.\0001\000\040\000r\000u\000n\000P\000i\000n\000g\000\050\000\051}{subsection.7.3.1}% 40
\BOOKMARK [2][-]{subsection.7.3.2}{\376\377\0007\000.\0003\000.\0002\000\040\004\037\004\065\004\100\004\065\004\074\004\065\004\075\004\075\004\113\004\065}{section.7.3}% 41
\BOOKMARK [3][-]{subsubsection.7.3.2.1}{\376\377\0007\000.\0003\000.\0002\000.\0001\000\040\000a\000d\000r\000e\000s\000s\000e\000s}{subsection.7.3.2}% 42
\BOOKMARK [3][-]{subsubsection.7.3.2.2}{\376\377\0007\000.\0003\000.\0002\000.\0002\000\040\000a\000l\000p\000h\000a}{subsection.7.3.2}% 43
\BOOKMARK [3][-]{subsubsection.7.3.2.3}{\376\377\0007\000.\0003\000.\0002\000.\0003\000\040\000a\000p\000p}{subsection.7.3.2}% 44
\BOOKMARK [3][-]{subsubsection.7.3.2.4}{\376\377\0007\000.\0003\000.\0002\000.\0004\000\040\000b\000u\000t\000t\000o\000n}{subsection.7.3.2}% 45
\BOOKMARK [3][-]{subsubsection.7.3.2.5}{\376\377\0007\000.\0003\000.\0002\000.\0005\000\040\000c\000a\000m\000e\000r\000a}{subsection.7.3.2}% 46
\BOOKMARK [3][-]{subsubsection.7.3.2.6}{\376\377\0007\000.\0003\000.\0002\000.\0006\000\040\000c\000a\000m\000s}{subsection.7.3.2}% 47
\BOOKMARK [3][-]{subsubsection.7.3.2.7}{\376\377\0007\000.\0003\000.\0002\000.\0007\000\040\000d\000i\000s\000p\000l\000a\000y\0000}{subsection.7.3.2}% 48
\BOOKMARK [3][-]{subsubsection.7.3.2.8}{\376\377\0007\000.\0003\000.\0002\000.\0008\000\040\000d\000i\000s\000p\000l\000a\000y\0001}{subsection.7.3.2}% 49
\BOOKMARK [3][-]{subsubsection.7.3.2.9}{\376\377\0007\000.\0003\000.\0002\000.\0009\000\040\000f\000o\000n\000t}{subsection.7.3.2}% 50
\BOOKMARK [3][-]{subsubsection.7.3.2.10}{\376\377\0007\000.\0003\000.\0002\000.\0001\0000\000\040\000g\000r\000a\000p\000h}{subsection.7.3.2}% 51
\BOOKMARK [3][-]{subsubsection.7.3.2.11}{\376\377\0007\000.\0003\000.\0002\000.\0001\0001\000\040\000g\000r\000a\000p\000h\000e\000r}{subsection.7.3.2}% 52
\BOOKMARK [3][-]{subsubsection.7.3.2.12}{\376\377\0007\000.\0003\000.\0002\000.\0001\0002\000\040\000i}{subsection.7.3.2}% 53
\BOOKMARK [3][-]{subsubsection.7.3.2.13}{\376\377\0007\000.\0003\000.\0002\000.\0001\0003\000\040\000l\000a\000b\000e\000l}{subsection.7.3.2}% 54
\BOOKMARK [3][-]{subsubsection.7.3.2.14}{\376\377\0007\000.\0003\000.\0002\000.\0001\0004\000\040\000l\000a\000b\000e\000l\000S\000t\000y\000l\000e}{subsection.7.3.2}% 55
\BOOKMARK [3][-]{subsubsection.7.3.2.15}{\376\377\0007\000.\0003\000.\0002\000.\0001\0005\000\040\000l\000e\000f\000t\000A\000x\000i\000s}{subsection.7.3.2}% 56
\BOOKMARK [3][-]{subsubsection.7.3.2.16}{\376\377\0007\000.\0003\000.\0002\000.\0001\0006\000\040\000m\000e\000n\000u}{subsection.7.3.2}% 57
\BOOKMARK [3][-]{subsubsection.7.3.2.17}{\376\377\0007\000.\0003\000.\0002\000.\0001\0007\000\040\000p\000i\000n\000g\000e\000r}{subsection.7.3.2}% 58
\BOOKMARK [3][-]{subsubsection.7.3.2.18}{\376\377\0007\000.\0003\000.\0002\000.\0001\0008\000\040\000p\000i\000n\000g\000T\000i\000m\000e\000r}{subsection.7.3.2}% 59
\BOOKMARK [3][-]{subsubsection.7.3.2.19}{\376\377\0007\000.\0003\000.\0002\000.\0001\0009\000\040\000p\000l\000o\000t}{subsection.7.3.2}% 60
\BOOKMARK [3][-]{subsubsection.7.3.2.20}{\376\377\0007\000.\0003\000.\0002\000.\0002\0000\000\040\000r\000i\000g\000h\000t\000A\000x\000i\000s}{subsection.7.3.2}% 61
\BOOKMARK [3][-]{subsubsection.7.3.2.21}{\376\377\0007\000.\0003\000.\0002\000.\0002\0001\000\040\000s\000t\000y\000l\000e\000s\000h\000e\000e\000t}{subsection.7.3.2}% 62
\BOOKMARK [3][-]{subsubsection.7.3.2.22}{\376\377\0007\000.\0003\000.\0002\000.\0002\0002\000\040\000t\000h\000r\000e\000a\000d\000p\000o\000o\000l}{subsection.7.3.2}% 63
\BOOKMARK [3][-]{subsubsection.7.3.2.23}{\376\377\0007\000.\0003\000.\0002\000.\0002\0003\000\040\000t\000i\000c\000k\000F\000o\000n\000t}{subsection.7.3.2}% 64
\BOOKMARK [3][-]{subsubsection.7.3.2.24}{\376\377\0007\000.\0003\000.\0002\000.\0002\0004\000\040\000T\000r\000u\000e}{subsection.7.3.2}% 65
\BOOKMARK [3][-]{subsubsection.7.3.2.25}{\376\377\0007\000.\0003\000.\0002\000.\0002\0005\000\040\000u\000n\000i\000t\000s}{subsection.7.3.2}% 66
\BOOKMARK [3][-]{subsubsection.7.3.2.26}{\376\377\0007\000.\0003\000.\0002\000.\0002\0006\000\040\000w\000i\000d\000g\000e\000t}{subsection.7.3.2}% 67
\BOOKMARK [3][-]{subsubsection.7.3.2.27}{\376\377\0007\000.\0003\000.\0002\000.\0002\0007\000\040\000x}{subsection.7.3.2}% 68
\BOOKMARK [3][-]{subsubsection.7.3.2.28}{\376\377\0007\000.\0003\000.\0002\000.\0002\0008\000\040\000y}{subsection.7.3.2}% 69
\BOOKMARK [1][-]{section.7.4}{\376\377\0007\000.\0004\000\040\004\037\004\100\004\076\004\101\004\102\004\100\004\060\004\075\004\101\004\102\004\062\004\076\000\040\004\070\004\074\004\065\004\075\000\040\000v\000i\000d\000e\000o\000-\000u\000p\000l\000o\000a\000d}{chapter.7}% 70
\BOOKMARK [2][-]{subsection.7.4.1}{\376\377\0007\000.\0004\000.\0001\000\040\004\037\004\065\004\100\004\065\004\074\004\065\004\075\004\075\004\113\004\065}{section.7.4}% 71
\BOOKMARK [3][-]{subsubsection.7.4.1.1}{\376\377\0007\000.\0004\000.\0001\000.\0001\000\040\000a\000r\000g\000s}{subsection.7.4.1}% 72
\BOOKMARK [3][-]{subsubsection.7.4.1.2}{\376\377\0007\000.\0004\000.\0001\000.\0002\000\040\000c\000r\000e\000d\000s}{subsection.7.4.1}% 73
\BOOKMARK [3][-]{subsubsection.7.4.1.3}{\376\377\0007\000.\0004\000.\0001\000.\0003\000\040\000D\000R\000I\000V\000E}{subsection.7.4.1}% 74
\BOOKMARK [3][-]{subsubsection.7.4.1.4}{\376\377\0007\000.\0004\000.\0001\000.\0004\000\040\000f\000i\000l\000e\000n\000a\000m\000e}{subsection.7.4.1}% 75
\BOOKMARK [3][-]{subsubsection.7.4.1.5}{\376\377\0007\000.\0004\000.\0001\000.\0005\000\040\000f\000l\000o\000w}{subsection.7.4.1}% 76
\BOOKMARK [3][-]{subsubsection.7.4.1.6}{\376\377\0007\000.\0004\000.\0001\000.\0006\000\040\000h\000e\000l\000p}{subsection.7.4.1}% 77
\BOOKMARK [3][-]{subsubsection.7.4.1.7}{\376\377\0007\000.\0004\000.\0001\000.\0007\000\040\000m\000e\000t\000a\000d\000a\000t\000a}{subsection.7.4.1}% 78
\BOOKMARK [3][-]{subsubsection.7.4.1.8}{\376\377\0007\000.\0004\000.\0001\000.\0008\000\040\000p\000a\000r\000s\000e\000r}{subsection.7.4.1}% 79
\BOOKMARK [3][-]{subsubsection.7.4.1.9}{\376\377\0007\000.\0004\000.\0001\000.\0009\000\040\000r\000e\000s}{subsection.7.4.1}% 80
\BOOKMARK [3][-]{subsubsection.7.4.1.10}{\376\377\0007\000.\0004\000.\0001\000.\0001\0000\000\040\000S\000C\000O\000P\000E\000S}{subsection.7.4.1}% 81
\BOOKMARK [3][-]{subsubsection.7.4.1.11}{\376\377\0007\000.\0004\000.\0001\000.\0001\0001\000\040\000s\000t\000o\000r\000e}{subsection.7.4.1}% 82
\BOOKMARK [3][-]{subsubsection.7.4.1.12}{\376\377\0007\000.\0004\000.\0001\000.\0001\0002\000\040\000t\000y\000p\000e}{subsection.7.4.1}% 83
\BOOKMARK [0][-]{chapter.8}{\376\377\0008\000\040\004\032\004\073\004\060\004\101\004\101\004\113}{}% 84
\BOOKMARK [1][-]{section.8.1}{\376\377\0008\000.\0001\000\040\004\041\004\102\004\100\004\103\004\072\004\102\004\103\004\100\004\060\000\040\000A\000u\000d\000i\000o\000S\000o\000u\000r\000c\000e}{chapter.8}% 85
\BOOKMARK [2][-]{subsection.8.1.1}{\376\377\0008\000.\0001\000.\0001\000\040\004\024\004\060\004\075\004\075\004\113\004\065\000\040\004\072\004\073\004\060\004\101\004\101\004\060}{section.8.1}% 86
\BOOKMARK [3][-]{subsubsection.8.1.1.1}{\376\377\0008\000.\0001\000.\0001\000.\0001\000\040\000n\000a\000m\000e}{subsection.8.1.1}% 87
\BOOKMARK [3][-]{subsubsection.8.1.1.2}{\376\377\0008\000.\0001\000.\0001\000.\0002\000\040\000u\000r\000i}{subsection.8.1.1}% 88
\BOOKMARK [1][-]{section.8.2}{\376\377\0008\000.\0002\000\040\004\032\004\073\004\060\004\101\004\101\000\040\000u\000i\000.\000C\000a\000m\000e\000r\000a}{chapter.8}% 89
\BOOKMARK [2][-]{subsection.8.2.1}{\376\377\0008\000.\0002\000.\0001\000\040\004\037\004\076\004\064\004\100\004\076\004\061\004\075\004\076\004\065\000\040\004\076\004\077\004\070\004\101\004\060\004\075\004\070\004\065}{section.8.2}% 90
\BOOKMARK [2][-]{subsection.8.2.2}{\376\377\0008\000.\0002\000.\0002\000\040\004\032\004\076\004\075\004\101\004\102\004\100\004\103\004\072\004\102\004\076\004\100\000\050\004\113\000\051}{section.8.2}% 91
\BOOKMARK [3][-]{subsubsection.8.2.2.1}{\376\377\0008\000.\0002\000.\0002\000.\0001\000\040\000\137\000\137\000i\000n\000i\000t\000\137\000\137\000\050\000\051}{subsection.8.2.2}% 92
\BOOKMARK [2][-]{subsection.8.2.3}{\376\377\0008\000.\0002\000.\0003\000\040\004\034\004\065\004\102\004\076\004\064\004\113}{section.8.2}% 93
\BOOKMARK [3][-]{subsubsection.8.2.3.1}{\376\377\0008\000.\0002\000.\0003\000.\0001\000\040\000d\000r\000a\000w\000M\000e\000\050\000\051}{subsection.8.2.3}% 94
\BOOKMARK [3][-]{subsubsection.8.2.3.2}{\376\377\0008\000.\0002\000.\0003\000.\0002\000\040\000s\000e\000t\000P\000i\000n\000g\000\050\000\051}{subsection.8.2.3}% 95
\BOOKMARK [2][-]{subsection.8.2.4}{\376\377\0008\000.\0002\000.\0004\000\040\004\024\004\060\004\075\004\075\004\113\004\065\000\040\004\072\004\073\004\060\004\101\004\101\004\060}{section.8.2}% 96
\BOOKMARK [3][-]{subsubsection.8.2.4.1}{\376\377\0008\000.\0002\000.\0004\000.\0001\000\040\000b\000u\000t\000t\000o\000n}{subsection.8.2.4}% 97
\BOOKMARK [3][-]{subsubsection.8.2.4.2}{\376\377\0008\000.\0002\000.\0004\000.\0002\000\040\000g\000r\000a\000p\000h\000e\000r}{subsection.8.2.4}% 98
\BOOKMARK [3][-]{subsubsection.8.2.4.3}{\376\377\0008\000.\0002\000.\0004\000.\0003\000\040\000i\000p}{subsection.8.2.4}% 99
\BOOKMARK [3][-]{subsubsection.8.2.4.4}{\376\377\0008\000.\0002\000.\0004\000.\0004\000\040\000l\000a\000b\000e\000l}{subsection.8.2.4}% 100
\BOOKMARK [3][-]{subsubsection.8.2.4.5}{\376\377\0008\000.\0002\000.\0004\000.\0005\000\040\000p\000i\000n\000g\000H\000i\000s\000t\000o\000r\000y}{subsection.8.2.4}% 101
\BOOKMARK [1][-]{section.8.3}{\376\377\0008\000.\0003\000\040\004\041\004\102\004\100\004\103\004\072\004\102\004\103\004\100\004\060\000\040\000C\000a\000m\000e\000r\000a}{chapter.8}% 102
\BOOKMARK [2][-]{subsection.8.3.1}{\376\377\0008\000.\0003\000.\0001\000\040\004\024\004\060\004\075\004\075\004\113\004\065\000\040\004\072\004\073\004\060\004\101\004\101\004\060}{section.8.3}% 103
\BOOKMARK [3][-]{subsubsection.8.3.1.1}{\376\377\0008\000.\0003\000.\0001\000.\0001\000\040\000b\000u\000t\000t\000o\000n}{subsection.8.3.1}% 104
\BOOKMARK [3][-]{subsubsection.8.3.1.2}{\376\377\0008\000.\0003\000.\0001\000.\0002\000\040\000d\000r\000a\000w\000i\000n\000g\000A\000r\000e\000a}{subsection.8.3.1}% 105
\BOOKMARK [3][-]{subsubsection.8.3.1.3}{\376\377\0008\000.\0003\000.\0001\000.\0003\000\040\000f\000u\000l\000l\000N\000a\000m\000e}{subsection.8.3.1}% 106
\BOOKMARK [3][-]{subsubsection.8.3.1.4}{\376\377\0008\000.\0003\000.\0001\000.\0004\000\040\000n\000a\000m\000e}{subsection.8.3.1}% 107
\BOOKMARK [3][-]{subsubsection.8.3.1.5}{\376\377\0008\000.\0003\000.\0001\000.\0005\000\040\000p\000l\000a\000y\000e\000r}{subsection.8.3.1}% 108
\BOOKMARK [3][-]{subsubsection.8.3.1.6}{\376\377\0008\000.\0003\000.\0001\000.\0006\000\040\000r\000e\000c\000I\000m\000a\000g\000e}{subsection.8.3.1}% 109
\BOOKMARK [3][-]{subsubsection.8.3.1.7}{\376\377\0008\000.\0003\000.\0001\000.\0007\000\040\000r\000e\000c\000o\000r\000d}{subsection.8.3.1}% 110
\BOOKMARK [3][-]{subsubsection.8.3.1.8}{\376\377\0008\000.\0003\000.\0001\000.\0008\000\040\000u\000r\000i}{subsection.8.3.1}% 111
\BOOKMARK [1][-]{section.8.4}{\376\377\0008\000.\0004\000\040\004\032\004\073\004\060\004\101\004\101\000\040\000C\000o\000n\000f\000i\000g}{chapter.8}% 112
\BOOKMARK [2][-]{subsection.8.4.1}{\376\377\0008\000.\0004\000.\0001\000\040\004\037\004\076\004\064\004\100\004\076\004\061\004\075\004\076\004\065\000\040\004\076\004\077\004\070\004\101\004\060\004\075\004\070\004\065}{section.8.4}% 113
\BOOKMARK [2][-]{subsection.8.4.2}{\376\377\0008\000.\0004\000.\0002\000\040\004\032\004\076\004\075\004\101\004\102\004\100\004\103\004\072\004\102\004\076\004\100\000\050\004\113\000\051}{section.8.4}% 114
\BOOKMARK [3][-]{subsubsection.8.4.2.1}{\376\377\0008\000.\0004\000.\0002\000.\0001\000\040\000C\000o\000n\000f\000i\000g\000\050\000\051\000\040\000[\0001\000/\0004\000]}{subsection.8.4.2}% 115
\BOOKMARK [3][-]{subsubsection.8.4.2.2}{\376\377\0008\000.\0004\000.\0002\000.\0002\000\040\000C\000o\000n\000f\000i\000g\000\050\000\051\000\040\000[\0002\000/\0004\000]}{subsection.8.4.2}% 116
\BOOKMARK [3][-]{subsubsection.8.4.2.3}{\376\377\0008\000.\0004\000.\0002\000.\0003\000\040\000C\000o\000n\000f\000i\000g\000\050\000\051\000\040\000[\0003\000/\0004\000]}{subsection.8.4.2}% 117
\BOOKMARK [3][-]{subsubsection.8.4.2.4}{\376\377\0008\000.\0004\000.\0002\000.\0004\000\040\000C\000o\000n\000f\000i\000g\000\050\000\051\000\040\000[\0004\000/\0004\000]}{subsection.8.4.2}% 118
\BOOKMARK [2][-]{subsection.8.4.3}{\376\377\0008\000.\0004\000.\0003\000\040\004\034\004\065\004\102\004\076\004\064\004\113}{section.8.4}% 119
\BOOKMARK [3][-]{subsubsection.8.4.3.1}{\376\377\0008\000.\0004\000.\0003\000.\0001\000\040\000g\000e\000t\000\050\000\051\000\040\000[\0001\000/\0002\000]}{subsection.8.4.3}% 120
\BOOKMARK [3][-]{subsubsection.8.4.3.2}{\376\377\0008\000.\0004\000.\0003\000.\0002\000\040\000g\000e\000t\000\050\000\051\000\040\000[\0002\000/\0002\000]}{subsection.8.4.3}% 121
\BOOKMARK [3][-]{subsubsection.8.4.3.3}{\376\377\0008\000.\0004\000.\0003\000.\0003\000\040\000g\000e\000t\000C\000u\000s\000t\000o\000m\000R\000o\000o\000m\000s\000\050\000\051\000\040\000[\0001\000/\0002\000]}{subsection.8.4.3}% 122
\BOOKMARK [3][-]{subsubsection.8.4.3.4}{\376\377\0008\000.\0004\000.\0003\000.\0004\000\040\000g\000e\000t\000C\000u\000s\000t\000o\000m\000R\000o\000o\000m\000s\000\050\000\051\000\040\000[\0002\000/\0002\000]}{subsection.8.4.3}% 123
\BOOKMARK [3][-]{subsubsection.8.4.3.5}{\376\377\0008\000.\0004\000.\0003\000.\0005\000\040\000g\000e\000t\000G\000S\000u\000i\000t\000e\000R\000o\000o\000m\000s\000\050\000\051\000\040\000[\0001\000/\0002\000]}{subsection.8.4.3}% 124
\BOOKMARK [3][-]{subsubsection.8.4.3.6}{\376\377\0008\000.\0004\000.\0003\000.\0006\000\040\000g\000e\000t\000G\000S\000u\000i\000t\000e\000R\000o\000o\000m\000s\000\050\000\051\000\040\000[\0002\000/\0002\000]}{subsection.8.4.3}% 125
\BOOKMARK [3][-]{subsubsection.8.4.3.7}{\376\377\0008\000.\0004\000.\0003\000.\0007\000\040\000g\000e\000t\000P\000a\000r\000a\000m\000\050\000\051\000\040\000[\0001\000/\0002\000]}{subsection.8.4.3}% 126
\BOOKMARK [3][-]{subsubsection.8.4.3.8}{\376\377\0008\000.\0004\000.\0003\000.\0008\000\040\000g\000e\000t\000P\000a\000r\000a\000m\000\050\000\051\000\040\000[\0002\000/\0002\000]}{subsection.8.4.3}% 127
\BOOKMARK [3][-]{subsubsection.8.4.3.9}{\376\377\0008\000.\0004\000.\0003\000.\0009\000\040\000g\000e\000t\000P\000a\000r\000a\000m\000I\000n\000t\000\050\000\051\000\040\000[\0001\000/\0002\000]}{subsection.8.4.3}% 128
\BOOKMARK [3][-]{subsubsection.8.4.3.10}{\376\377\0008\000.\0004\000.\0003\000.\0001\0000\000\040\000g\000e\000t\000P\000a\000r\000a\000m\000I\000n\000t\000\050\000\051\000\040\000[\0002\000/\0002\000]}{subsection.8.4.3}% 129
\BOOKMARK [3][-]{subsubsection.8.4.3.11}{\376\377\0008\000.\0004\000.\0003\000.\0001\0001\000\040\000g\000e\000t\000R\000o\000o\000m\000s\000\050\000\051\000\040\000[\0001\000/\0002\000]}{subsection.8.4.3}% 130
\BOOKMARK [3][-]{subsubsection.8.4.3.12}{\376\377\0008\000.\0004\000.\0003\000.\0001\0002\000\040\000g\000e\000t\000R\000o\000o\000m\000s\000\050\000\051\000\040\000[\0002\000/\0002\000]}{subsection.8.4.3}% 131
\BOOKMARK [3][-]{subsubsection.8.4.3.13}{\376\377\0008\000.\0004\000.\0003\000.\0001\0003\000\040\000m\000a\000k\000e\000G\000S\000u\000i\000t\000e\000R\000e\000q\000u\000e\000s\000t\000\050\000\051\000\040\000[\0001\000/\0002\000]}{subsection.8.4.3}% 132
\BOOKMARK [3][-]{subsubsection.8.4.3.14}{\376\377\0008\000.\0004\000.\0003\000.\0001\0004\000\040\000m\000a\000k\000e\000G\000S\000u\000i\000t\000e\000R\000e\000q\000u\000e\000s\000t\000\050\000\051\000\040\000[\0002\000/\0002\000]}{subsection.8.4.3}% 133
\BOOKMARK [3][-]{subsubsection.8.4.3.15}{\376\377\0008\000.\0004\000.\0003\000.\0001\0005\000\040\000o\000p\000e\000r\000a\000t\000o\000r\000=\000\050\000\051\000\040\000[\0001\000/\0002\000]}{subsection.8.4.3}% 134
\BOOKMARK [3][-]{subsubsection.8.4.3.16}{\376\377\0008\000.\0004\000.\0003\000.\0001\0006\000\040\000o\000p\000e\000r\000a\000t\000o\000r\000=\000\050\000\051\000\040\000[\0002\000/\0002\000]}{subsection.8.4.3}% 135
\BOOKMARK [3][-]{subsubsection.8.4.3.17}{\376\377\0008\000.\0004\000.\0003\000.\0001\0007\000\040\000r\000e\000a\000d\000R\000o\000o\000m\000s\000F\000r\000o\000m\000F\000i\000l\000e\000\050\000\051\000\040\000[\0001\000/\0002\000]}{subsection.8.4.3}% 136
\BOOKMARK [3][-]{subsubsection.8.4.3.18}{\376\377\0008\000.\0004\000.\0003\000.\0001\0008\000\040\000r\000e\000a\000d\000R\000o\000o\000m\000s\000F\000r\000o\000m\000F\000i\000l\000e\000\050\000\051\000\040\000[\0002\000/\0002\000]}{subsection.8.4.3}% 137
\BOOKMARK [3][-]{subsubsection.8.4.3.19}{\376\377\0008\000.\0004\000.\0003\000.\0001\0009\000\040\000s\000e\000t\000F\000i\000l\000e\000\050\000\051\000\040\000[\0001\000/\0002\000]}{subsection.8.4.3}% 138
\BOOKMARK [3][-]{subsubsection.8.4.3.20}{\376\377\0008\000.\0004\000.\0003\000.\0002\0000\000\040\000s\000e\000t\000F\000i\000l\000e\000\050\000\051\000\040\000[\0002\000/\0002\000]}{subsection.8.4.3}% 139
\BOOKMARK [2][-]{subsection.8.4.4}{\376\377\0008\000.\0004\000.\0004\000\040\004\024\004\060\004\075\004\075\004\113\004\065\000\040\004\072\004\073\004\060\004\101\004\101\004\060}{section.8.4}% 140
\BOOKMARK [3][-]{subsubsection.8.4.4.1}{\376\377\0008\000.\0004\000.\0004\000.\0001\000\040\000c\000o\000n\000f\000i\000g\000u\000r\000a\000t\000i\000o\000n}{subsection.8.4.4}% 141
\BOOKMARK [3][-]{subsubsection.8.4.4.2}{\376\377\0008\000.\0004\000.\0004\000.\0002\000\040\000r\000o\000o\000m\000s}{subsection.8.4.4}% 142
\BOOKMARK [1][-]{section.8.5}{\376\377\0008\000.\0005\000\040\004\041\004\102\004\100\004\103\004\072\004\102\004\103\004\100\004\060\000\040\000U\000I\000:\000:\000d\000i\000s\000p\000l\000a\000y\000\137\000p\000l\000a\000y\000e\000r\000\137\000d\000a\000t\000a}{chapter.8}% 143
\BOOKMARK [2][-]{subsection.8.5.1}{\376\377\0008\000.\0005\000.\0001\000\040\004\024\004\060\004\075\004\075\004\113\004\065\000\040\004\072\004\073\004\060\004\101\004\101\004\060}{section.8.5}% 144
\BOOKMARK [3][-]{subsubsection.8.5.1.1}{\376\377\0008\000.\0005\000.\0001\000.\0001\000\040\000c\000a\000m}{subsection.8.5.1}% 145
\BOOKMARK [3][-]{subsubsection.8.5.1.2}{\376\377\0008\000.\0005\000.\0001\000.\0002\000\040\000p\000l\000a\000y\000e\000r}{subsection.8.5.1}% 146
\BOOKMARK [3][-]{subsubsection.8.5.1.3}{\376\377\0008\000.\0005\000.\0001\000.\0003\000\040\000p\000l\000a\000y\000e\000r\000L\000a\000b\000e\000l}{subsection.8.5.1}% 147
\BOOKMARK [3][-]{subsubsection.8.5.1.4}{\376\377\0008\000.\0005\000.\0001\000.\0004\000\040\000p\000l\000a\000y\000i\000n\000g\000C\000a\000m\000N\000a\000m\000e}{subsection.8.5.1}% 148
\BOOKMARK [1][-]{section.8.6}{\376\377\0008\000.\0006\000\040\004\041\004\102\004\100\004\103\004\072\004\102\004\103\004\100\004\060\000\040\000U\000I\000:\000:\000g\000d\000r\000i\000v\000e\000\137\000s\000t\000a\000t\000u\000s\000\137\000d\000a\000t\000a}{chapter.8}% 149
\BOOKMARK [2][-]{subsection.8.6.1}{\376\377\0008\000.\0006\000.\0001\000\040\004\024\004\060\004\075\004\075\004\113\004\065\000\040\004\072\004\073\004\060\004\101\004\101\004\060}{section.8.6}% 150
\BOOKMARK [3][-]{subsubsection.8.6.1.1}{\376\377\0008\000.\0006\000.\0001\000.\0001\000\040\000G\000D\000r\000i\000v\000e\000I\000c\000o\000n}{subsection.8.6.1}% 151
\BOOKMARK [3][-]{subsubsection.8.6.1.2}{\376\377\0008\000.\0006\000.\0001\000.\0002\000\040\000r\000e\000c\000o\000r\000d\000e\000r}{subsection.8.6.1}% 152
\BOOKMARK [1][-]{section.8.7}{\376\377\0008\000.\0007\000\040\004\032\004\073\004\060\004\101\004\101\000\040\000u\000i\000.\000G\000r\000a\000p\000h\000e\000r}{chapter.8}% 153
\BOOKMARK [2][-]{subsection.8.7.1}{\376\377\0008\000.\0007\000.\0001\000\040\004\037\004\076\004\064\004\100\004\076\004\061\004\075\004\076\004\065\000\040\004\076\004\077\004\070\004\101\004\060\004\075\004\070\004\065}{section.8.7}% 154
\BOOKMARK [2][-]{subsection.8.7.2}{\376\377\0008\000.\0007\000.\0002\000\040\004\032\004\076\004\075\004\101\004\102\004\100\004\103\004\072\004\102\004\076\004\100\000\050\004\113\000\051}{section.8.7}% 155
\BOOKMARK [3][-]{subsubsection.8.7.2.1}{\376\377\0008\000.\0007\000.\0002\000.\0001\000\040\000\137\000\137\000i\000n\000i\000t\000\137\000\137\000\050\000\051}{subsection.8.7.2}% 156
\BOOKMARK [2][-]{subsection.8.7.3}{\376\377\0008\000.\0007\000.\0003\000\040\004\034\004\065\004\102\004\076\004\064\004\113}{section.8.7}% 157
\BOOKMARK [3][-]{subsubsection.8.7.3.1}{\376\377\0008\000.\0007\000.\0003\000.\0001\000\040\000c\000h\000a\000n\000g\000e\000C\000a\000m\000\050\000\051}{subsection.8.7.3}% 158
\BOOKMARK [3][-]{subsubsection.8.7.3.2}{\376\377\0008\000.\0007\000.\0003\000.\0002\000\040\000s\000e\000t\000D\000a\000t\000a\000\050\000\051}{subsection.8.7.3}% 159
\BOOKMARK [2][-]{subsection.8.7.4}{\376\377\0008\000.\0007\000.\0004\000\040\004\024\004\060\004\075\004\075\004\113\004\065\000\040\004\072\004\073\004\060\004\101\004\101\004\060}{section.8.7}% 160
\BOOKMARK [3][-]{subsubsection.8.7.4.1}{\376\377\0008\000.\0007\000.\0004\000.\0001\000\040\000a\000c\000t\000i\000v\000e\000C\000a\000m}{subsection.8.7.4}% 161
\BOOKMARK [3][-]{subsubsection.8.7.4.2}{\376\377\0008\000.\0007\000.\0004\000.\0002\000\040\000c\000u\000r\000v\000e}{subsection.8.7.4}% 162
\BOOKMARK [3][-]{subsubsection.8.7.4.3}{\376\377\0008\000.\0007\000.\0004\000.\0003\000\040\000d\000a\000t\000a}{subsection.8.7.4}% 163
\BOOKMARK [3][-]{subsubsection.8.7.4.4}{\376\377\0008\000.\0007\000.\0004\000.\0004\000\040\000p\000l\000o\000t}{subsection.8.7.4}% 164
\BOOKMARK [1][-]{section.8.8}{\376\377\0008\000.\0008\000\040\004\041\004\102\004\100\004\103\004\072\004\102\004\103\004\100\004\060\000\040\000P\000a\000d\000D\000a\000t\000a}{chapter.8}% 165
\BOOKMARK [2][-]{subsection.8.8.1}{\376\377\0008\000.\0008\000.\0001\000\040\004\024\004\060\004\075\004\075\004\113\004\065\000\040\004\072\004\073\004\060\004\101\004\101\004\060}{section.8.8}% 166
\BOOKMARK [3][-]{subsubsection.8.8.1.1}{\376\377\0008\000.\0008\000.\0001\000.\0001\000\040\000d\000e\000p\000a\000y}{subsection.8.8.1}% 167
\BOOKMARK [3][-]{subsubsection.8.8.1.2}{\376\377\0008\000.\0008\000.\0001\000.\0002\000\040\000s\000r\000c}{subsection.8.8.1}% 168
\BOOKMARK [1][-]{section.8.9}{\376\377\0008\000.\0009\000\040\004\032\004\073\004\060\004\101\004\101\000\040\000u\000i\000.\000P\000i\000n\000g\000e\000r}{chapter.8}% 169
\BOOKMARK [2][-]{subsection.8.9.1}{\376\377\0008\000.\0009\000.\0001\000\040\004\037\004\076\004\064\004\100\004\076\004\061\004\075\004\076\004\065\000\040\004\076\004\077\004\070\004\101\004\060\004\075\004\070\004\065}{section.8.9}% 170
\BOOKMARK [2][-]{subsection.8.9.2}{\376\377\0008\000.\0009\000.\0002\000\040\004\032\004\076\004\075\004\101\004\102\004\100\004\103\004\072\004\102\004\076\004\100\000\050\004\113\000\051}{section.8.9}% 171
\BOOKMARK [3][-]{subsubsection.8.9.2.1}{\376\377\0008\000.\0009\000.\0002\000.\0001\000\040\000\137\000\137\000i\000n\000i\000t\000\137\000\137\000\050\000\051}{subsection.8.9.2}% 172
\BOOKMARK [2][-]{subsection.8.9.3}{\376\377\0008\000.\0009\000.\0003\000\040\004\034\004\065\004\102\004\076\004\064\004\113}{section.8.9}% 173
\BOOKMARK [3][-]{subsubsection.8.9.3.1}{\376\377\0008\000.\0009\000.\0003\000.\0001\000\040\000\137\000r\000u\000n\000C\000m\000d\000\050\000\051}{subsection.8.9.3}% 174
\BOOKMARK [3][-]{subsubsection.8.9.3.2}{\376\377\0008\000.\0009\000.\0003\000.\0002\000\040\000r\000u\000n\000\050\000\051}{subsection.8.9.3}% 175
\BOOKMARK [2][-]{subsection.8.9.4}{\376\377\0008\000.\0009\000.\0004\000\040\004\024\004\060\004\075\004\075\004\113\004\065\000\040\004\072\004\073\004\060\004\101\004\101\004\060}{section.8.9}% 176
\BOOKMARK [3][-]{subsubsection.8.9.4.1}{\376\377\0008\000.\0009\000.\0004\000.\0001\000\040\000c\000a\000m\000L\000i\000s\000t}{subsection.8.9.4}% 177
\BOOKMARK [1][-]{section.8.10}{\376\377\0008\000.\0001\0000\000\040\004\032\004\073\004\060\004\101\004\101\000\040\000P\000l\000a\000y\000e\000r}{chapter.8}% 178
\BOOKMARK [2][-]{subsection.8.10.1}{\376\377\0008\000.\0001\0000\000.\0001\000\040\004\037\004\076\004\064\004\100\004\076\004\061\004\075\004\076\004\065\000\040\004\076\004\077\004\070\004\101\004\060\004\075\004\070\004\065}{section.8.10}% 179
\BOOKMARK [2][-]{subsection.8.10.2}{\376\377\0008\000.\0001\0000\000.\0002\000\040\004\032\004\076\004\075\004\101\004\102\004\100\004\103\004\072\004\102\004\076\004\100\000\050\004\113\000\051}{section.8.10}% 180
\BOOKMARK [3][-]{subsubsection.8.10.2.1}{\376\377\0008\000.\0001\0000\000.\0002\000.\0001\000\040\000P\000l\000a\000y\000e\000r\000\050\000\051\000\040\000[\0001\000/\0002\000]}{subsection.8.10.2}% 181
\BOOKMARK [3][-]{subsubsection.8.10.2.2}{\376\377\0008\000.\0001\0000\000.\0002\000.\0002\000\040\000\040\000P\000l\000a\000y\000e\000r\000\050\000\051\000\040\000[\0001\000/\0002\000]}{subsection.8.10.2}% 182
\BOOKMARK [3][-]{subsubsection.8.10.2.3}{\376\377\0008\000.\0001\0000\000.\0002\000.\0003\000\040\000P\000l\000a\000y\000e\000r\000\050\000\051\000\040\000[\0002\000/\0002\000]}{subsection.8.10.2}% 183
\BOOKMARK [3][-]{subsubsection.8.10.2.4}{\376\377\0008\000.\0001\0000\000.\0002\000.\0004\000\040\000\040\000P\000l\000a\000y\000e\000r\000\050\000\051\000\040\000[\0002\000/\0002\000]}{subsection.8.10.2}% 184
\BOOKMARK [2][-]{subsection.8.10.3}{\376\377\0008\000.\0001\0000\000.\0003\000\040\004\034\004\065\004\102\004\076\004\064\004\113}{section.8.10}% 185
\BOOKMARK [3][-]{subsubsection.8.10.3.1}{\376\377\0008\000.\0001\0000\000.\0003\000.\0001\000\040\000b\000u\000i\000l\000d\000P\000i\000p\000e\000l\000i\000n\000e\000\050\000\051\000\040\000[\0001\000/\0002\000]}{subsection.8.10.3}% 186
\BOOKMARK [3][-]{subsubsection.8.10.3.2}{\376\377\0008\000.\0001\0000\000.\0003\000.\0002\000\040\000b\000u\000i\000l\000d\000P\000i\000p\000e\000l\000i\000n\000e\000\050\000\051\000\040\000[\0002\000/\0002\000]}{subsection.8.10.3}% 187
\BOOKMARK [3][-]{subsubsection.8.10.3.3}{\376\377\0008\000.\0001\0000\000.\0003\000.\0003\000\040\000b\000u\000s\000S\000y\000n\000c\000H\000a\000n\000d\000l\000e\000r\000\050\000\051\000\040\000[\0001\000/\0002\000]}{subsection.8.10.3}% 188
\BOOKMARK [3][-]{subsubsection.8.10.3.4}{\376\377\0008\000.\0001\0000\000.\0003\000.\0004\000\040\000b\000u\000s\000S\000y\000n\000c\000H\000a\000n\000d\000l\000e\000r\000\050\000\051\000\040\000[\0002\000/\0002\000]}{subsection.8.10.3}% 189
\BOOKMARK [3][-]{subsubsection.8.10.3.5}{\376\377\0008\000.\0001\0000\000.\0003\000.\0005\000\040\000i\000s\000P\000l\000a\000y\000i\000n\000g\000\050\000\051}{subsection.8.10.3}% 190
\BOOKMARK [3][-]{subsubsection.8.10.3.6}{\376\377\0008\000.\0001\0000\000.\0003\000.\0006\000\040\000p\000a\000d\000\137\000a\000d\000d\000e\000d\000\137\000h\000a\000n\000d\000l\000e\000r\000\050\000\051\000\040\000[\0001\000/\0002\000]}{subsection.8.10.3}% 191
\BOOKMARK [3][-]{subsubsection.8.10.3.7}{\376\377\0008\000.\0001\0000\000.\0003\000.\0007\000\040\000p\000a\000d\000\137\000a\000d\000d\000e\000d\000\137\000h\000a\000n\000d\000l\000e\000r\000\050\000\051\000\040\000[\0002\000/\0002\000]}{subsection.8.10.3}% 192
\BOOKMARK [3][-]{subsubsection.8.10.3.8}{\376\377\0008\000.\0001\0000\000.\0003\000.\0008\000\040\000p\000l\000a\000y\000S\000t\000r\000e\000a\000m\000\050\000\051\000\040\000[\0001\000/\0002\000]}{subsection.8.10.3}% 193
\BOOKMARK [3][-]{subsubsection.8.10.3.9}{\376\377\0008\000.\0001\0000\000.\0003\000.\0009\000\040\000p\000l\000a\000y\000S\000t\000r\000e\000a\000m\000\050\000\051\000\040\000[\0002\000/\0002\000]}{subsection.8.10.3}% 194
\BOOKMARK [3][-]{subsubsection.8.10.3.10}{\376\377\0008\000.\0001\0000\000.\0003\000.\0001\0000\000\040\000s\000t\000o\000p\000S\000t\000r\000e\000a\000m\000\050\000\051}{subsection.8.10.3}% 195
\BOOKMARK [3][-]{subsubsection.8.10.3.11}{\376\377\0008\000.\0001\0000\000.\0003\000.\0001\0001\000\040\000v\000i\000d\000e\000o\000W\000i\000d\000g\000e\000t\000D\000r\000a\000w\000\137\000c\000b\000\050\000\051\000\040\000[\0001\000/\0002\000]}{subsection.8.10.3}% 196
\BOOKMARK [3][-]{subsubsection.8.10.3.12}{\376\377\0008\000.\0001\0000\000.\0003\000.\0001\0002\000\040\000v\000i\000d\000e\000o\000W\000i\000d\000g\000e\000t\000D\000r\000a\000w\000\137\000c\000b\000\050\000\051\000\040\000[\0002\000/\0002\000]}{subsection.8.10.3}% 197
\BOOKMARK [3][-]{subsubsection.8.10.3.13}{\376\377\0008\000.\0001\0000\000.\0003\000.\0001\0003\000\040\000v\000i\000d\000e\000o\000W\000i\000d\000g\000e\000t\000R\000e\000a\000l\000i\000z\000e\000\137\000c\000b\000\050\000\051\000\040\000[\0001\000/\0002\000]}{subsection.8.10.3}% 198
\BOOKMARK [3][-]{subsubsection.8.10.3.14}{\376\377\0008\000.\0001\0000\000.\0003\000.\0001\0004\000\040\000v\000i\000d\000e\000o\000W\000i\000d\000g\000e\000t\000R\000e\000a\000l\000i\000z\000e\000\137\000c\000b\000\050\000\051\000\040\000[\0002\000/\0002\000]}{subsection.8.10.3}% 199
\BOOKMARK [2][-]{subsection.8.10.4}{\376\377\0008\000.\0001\0000\000.\0004\000\040\004\024\004\060\004\075\004\075\004\113\004\065\000\040\004\072\004\073\004\060\004\101\004\101\004\060}{section.8.10}% 200
\BOOKMARK [3][-]{subsubsection.8.10.4.1}{\376\377\0008\000.\0001\0000\000.\0004\000.\0001\000\040\000b\000u\000s}{subsection.8.10.4}% 201
\BOOKMARK [3][-]{subsubsection.8.10.4.2}{\376\377\0008\000.\0001\0000\000.\0004\000.\0002\000\040\000c\000a\000m\000N\000a\000m\000e}{subsection.8.10.4}% 202
\BOOKMARK [3][-]{subsubsection.8.10.4.3}{\376\377\0008\000.\0001\0000\000.\0004\000.\0003\000\040\000c\000o\000n\000f\000i\000g}{subsection.8.10.4}% 203
\BOOKMARK [3][-]{subsubsection.8.10.4.4}{\376\377\0008\000.\0001\0000\000.\0004\000.\0004\000\040\000d\000e\000c}{subsection.8.10.4}% 204
\BOOKMARK [3][-]{subsubsection.8.10.4.5}{\376\377\0008\000.\0001\0000\000.\0004\000.\0005\000\040\000d\000e\000p\000a\000y}{subsection.8.10.4}% 205
\BOOKMARK [3][-]{subsubsection.8.10.4.6}{\376\377\0008\000.\0001\0000\000.\0004\000.\0006\000\040\000p\000a\000r\000s\000e}{subsection.8.10.4}% 206
\BOOKMARK [3][-]{subsubsection.8.10.4.7}{\376\377\0008\000.\0001\0000\000.\0004\000.\0007\000\040\000p\000i\000p\000e\000l\000i\000n\000e}{subsection.8.10.4}% 207
\BOOKMARK [3][-]{subsubsection.8.10.4.8}{\376\377\0008\000.\0001\0000\000.\0004\000.\0008\000\040\000p\000l\000a\000t\000f\000o\000r\000m}{subsection.8.10.4}% 208
\BOOKMARK [3][-]{subsubsection.8.10.4.9}{\376\377\0008\000.\0001\0000\000.\0004\000.\0009\000\040\000p\000l\000a\000y\000i\000n\000g}{subsection.8.10.4}% 209
\BOOKMARK [3][-]{subsubsection.8.10.4.10}{\376\377\0008\000.\0001\0000\000.\0004\000.\0001\0000\000\040\000s\000c\000a\000l\000e}{subsection.8.10.4}% 210
\BOOKMARK [3][-]{subsubsection.8.10.4.11}{\376\377\0008\000.\0001\0000\000.\0004\000.\0001\0001\000\040\000s\000i\000n\000k}{subsection.8.10.4}% 211
\BOOKMARK [3][-]{subsubsection.8.10.4.12}{\376\377\0008\000.\0001\0000\000.\0004\000.\0001\0002\000\040\000s\000r\000c}{subsection.8.10.4}% 212
\BOOKMARK [3][-]{subsubsection.8.10.4.13}{\376\377\0008\000.\0001\0000\000.\0004\000.\0001\0003\000\040\000u\000r\000i}{subsection.8.10.4}% 213
\BOOKMARK [3][-]{subsubsection.8.10.4.14}{\376\377\0008\000.\0001\0000\000.\0004\000.\0001\0004\000\040\000v\000i\000d\000e\000o\000W\000i\000n\000d\000o\000w}{subsection.8.10.4}% 214
\BOOKMARK [3][-]{subsubsection.8.10.4.15}{\376\377\0008\000.\0001\0000\000.\0004\000.\0001\0005\000\040\000v\000i\000d\000e\000o\000W\000i\000n\000d\000o\000w\000H\000a\000n\000d\000l\000e}{subsection.8.10.4}% 215
\BOOKMARK [1][-]{section.8.11}{\376\377\0008\000.\0001\0001\000\040\004\032\004\073\004\060\004\101\004\101\000\040\000R\000e\000c\000o\000r\000d\000e\000r}{chapter.8}% 216
\BOOKMARK [2][-]{subsection.8.11.1}{\376\377\0008\000.\0001\0001\000.\0001\000\040\004\037\004\076\004\064\004\100\004\076\004\061\004\075\004\076\004\065\000\040\004\076\004\077\004\070\004\101\004\060\004\075\004\070\004\065}{section.8.11}% 217
\BOOKMARK [2][-]{subsection.8.11.2}{\376\377\0008\000.\0001\0001\000.\0002\000\040\004\032\004\076\004\075\004\101\004\102\004\100\004\103\004\072\004\102\004\076\004\100\000\050\004\113\000\051}{section.8.11}% 218
\BOOKMARK [3][-]{subsubsection.8.11.2.1}{\376\377\0008\000.\0001\0001\000.\0002\000.\0001\000\040\000R\000e\000c\000o\000r\000d\000e\000r\000\050\000\051}{subsection.8.11.2}% 219
\BOOKMARK [3][-]{subsubsection.8.11.2.2}{\376\377\0008\000.\0001\0001\000.\0002\000.\0002\000\040\000\040\000R\000e\000c\000o\000r\000d\000e\000r\000\050\000\051}{subsection.8.11.2}% 220
\BOOKMARK [2][-]{subsection.8.11.3}{\376\377\0008\000.\0001\0001\000.\0003\000\040\004\034\004\065\004\102\004\076\004\064\004\113}{section.8.11}% 221
\BOOKMARK [3][-]{subsubsection.8.11.3.1}{\376\377\0008\000.\0001\0001\000.\0003\000.\0001\000\040\000c\000h\000e\000c\000k\000I\000f\000R\000e\000c\000S\000t\000o\000p\000p\000e\000d\000\050\000\051}{subsection.8.11.3}% 222
\BOOKMARK [3][-]{subsubsection.8.11.3.2}{\376\377\0008\000.\0001\0001\000.\0003\000.\0002\000\040\000g\000e\000t\000R\000u\000n\000n\000i\000n\000g\000R\000e\000c\000o\000r\000d\000i\000n\000g\000s\000\050\000\051}{subsection.8.11.3}% 223
\BOOKMARK [3][-]{subsubsection.8.11.3.3}{\376\377\0008\000.\0001\0001\000.\0003\000.\0003\000\040\000i\000s\000G\000D\000r\000i\000v\000e\000U\000p\000l\000o\000a\000d\000A\000c\000t\000i\000v\000e\000\050\000\051}{subsection.8.11.3}% 224
\BOOKMARK [3][-]{subsubsection.8.11.3.4}{\376\377\0008\000.\0001\0001\000.\0003\000.\0004\000\040\000s\000t\000a\000r\000t\000R\000e\000c\000o\000r\000d\000i\000n\000g\000\050\000\051}{subsection.8.11.3}% 225
\BOOKMARK [3][-]{subsubsection.8.11.3.5}{\376\377\0008\000.\0001\0001\000.\0003\000.\0005\000\040\000s\000t\000o\000p\000R\000e\000c\000o\000r\000d\000i\000n\000g\000\050\000\051}{subsection.8.11.3}% 226
\BOOKMARK [3][-]{subsubsection.8.11.3.6}{\376\377\0008\000.\0001\0001\000.\0003\000.\0006\000\040\000u\000p\000l\000o\000a\000d\000V\000i\000d\000e\000o\000\050\000\051}{subsection.8.11.3}% 227
\BOOKMARK [2][-]{subsection.8.11.4}{\376\377\0008\000.\0001\0001\000.\0004\000\040\004\024\004\060\004\075\004\075\004\113\004\065\000\040\004\072\004\073\004\060\004\101\004\101\004\060}{section.8.11}% 228
\BOOKMARK [3][-]{subsubsection.8.11.4.1}{\376\377\0008\000.\0001\0001\000.\0004\000.\0001\000\040\000c\000o\000n\000f\000i\000g}{subsection.8.11.4}% 229
\BOOKMARK [3][-]{subsubsection.8.11.4.2}{\376\377\0008\000.\0001\0001\000.\0004\000.\0002\000\040\000r\000u\000n\000n\000i\000n\000g\000G\000D\000r\000i\000v\000e\000U\000p\000l\000o\000a\000d\000s}{subsection.8.11.4}% 230
\BOOKMARK [3][-]{subsubsection.8.11.4.3}{\376\377\0008\000.\0001\0001\000.\0004\000.\0003\000\040\000r\000u\000n\000n\000i\000n\000g\000R\000e\000c\000o\000r\000d\000i\000n\000g\000s}{subsection.8.11.4}% 231
\BOOKMARK [1][-]{section.8.12}{\376\377\0008\000.\0001\0002\000\040\004\032\004\073\004\060\004\101\004\101\000\040\000R\000e\000c\000o\000r\000d\000i\000n\000g}{chapter.8}% 232
\BOOKMARK [2][-]{subsection.8.12.1}{\376\377\0008\000.\0001\0002\000.\0001\000\040\004\037\004\076\004\064\004\100\004\076\004\061\004\075\004\076\004\065\000\040\004\076\004\077\004\070\004\101\004\060\004\075\004\070\004\065}{section.8.12}% 233
\BOOKMARK [2][-]{subsection.8.12.2}{\376\377\0008\000.\0001\0002\000.\0002\000\040\004\032\004\076\004\075\004\101\004\102\004\100\004\103\004\072\004\102\004\076\004\100\000\050\004\113\000\051}{section.8.12}% 234
\BOOKMARK [3][-]{subsubsection.8.12.2.1}{\376\377\0008\000.\0001\0002\000.\0002\000.\0001\000\040\000R\000e\000c\000o\000r\000d\000i\000n\000g\000\050\000\051}{subsection.8.12.2}% 235
\BOOKMARK [3][-]{subsubsection.8.12.2.2}{\376\377\0008\000.\0001\0002\000.\0002\000.\0002\000\040\000\040\000R\000e\000c\000o\000r\000d\000i\000n\000g\000\050\000\051}{subsection.8.12.2}% 236
\BOOKMARK [2][-]{subsection.8.12.3}{\376\377\0008\000.\0001\0002\000.\0003\000\040\004\034\004\065\004\102\004\076\004\064\004\113}{section.8.12}% 237
\BOOKMARK [3][-]{subsubsection.8.12.3.1}{\376\377\0008\000.\0001\0002\000.\0003\000.\0001\000\040\000b\000u\000i\000l\000d\000P\000i\000p\000e\000l\000i\000n\000e\000\050\000\051}{subsection.8.12.3}% 238
\BOOKMARK [3][-]{subsubsection.8.12.3.2}{\376\377\0008\000.\0001\0002\000.\0003\000.\0002\000\040\000b\000u\000s\000S\000y\000n\000c\000H\000a\000n\000d\000l\000e\000r\000\050\000\051}{subsection.8.12.3}% 239
\BOOKMARK [3][-]{subsubsection.8.12.3.3}{\376\377\0008\000.\0001\0002\000.\0003\000.\0003\000\040\000d\000a\000t\000a\000\137\000p\000r\000o\000b\000e\000\050\000\051}{subsection.8.12.3}% 240
\BOOKMARK [3][-]{subsubsection.8.12.3.4}{\376\377\0008\000.\0001\0002\000.\0003\000.\0004\000\040\000e\000l\000e\000m\000e\000n\000t\000S\000i\000n\000k\000L\000i\000n\000k\000e\000d\000\050\000\051}{subsection.8.12.3}% 241
\BOOKMARK [3][-]{subsubsection.8.12.3.5}{\376\377\0008\000.\0001\0002\000.\0003\000.\0005\000\040\000e\000l\000e\000m\000e\000n\000t\000S\000r\000c\000L\000i\000n\000k\000e\000d\000\050\000\051}{subsection.8.12.3}% 242
\BOOKMARK [3][-]{subsubsection.8.12.3.6}{\376\377\0008\000.\0001\0002\000.\0003\000.\0006\000\040\000f\000r\000e\000e\000z\000e\000\137\000c\000h\000e\000c\000k\000\050\000\051}{subsection.8.12.3}% 243
\BOOKMARK [3][-]{subsubsection.8.12.3.7}{\376\377\0008\000.\0001\0002\000.\0003\000.\0007\000\040\000g\000e\000t\000F\000i\000l\000e\000N\000a\000m\000e\000\050\000\051}{subsection.8.12.3}% 244
\BOOKMARK [3][-]{subsubsection.8.12.3.8}{\376\377\0008\000.\0001\0002\000.\0003\000.\0008\000\040\000g\000e\000t\000S\000t\000a\000t\000u\000s\000\050\000\051}{subsection.8.12.3}% 245
\BOOKMARK [3][-]{subsubsection.8.12.3.9}{\376\377\0008\000.\0001\0002\000.\0003\000.\0009\000\040\000p\000a\000d\000\137\000a\000d\000d\000e\000d\000\137\000h\000a\000n\000d\000l\000e\000r\000\050\000\051}{subsection.8.12.3}% 246
\BOOKMARK [3][-]{subsubsection.8.12.3.10}{\376\377\0008\000.\0001\0002\000.\0003\000.\0001\0000\000\040\000p\000r\000o\000b\000e\000\137\000b\000l\000o\000c\000k\000\137\000s\000t\000r\000e\000a\000m\000\050\000\051}{subsection.8.12.3}% 247
\BOOKMARK [3][-]{subsubsection.8.12.3.11}{\376\377\0008\000.\0001\0002\000.\0003\000.\0001\0001\000\040\000p\000r\000o\000b\000e\000\137\000e\000o\000s\000\137\000i\000n\000\137\000s\000t\000r\000e\000a\000m\000\050\000\051}{subsection.8.12.3}% 248
\BOOKMARK [3][-]{subsubsection.8.12.3.12}{\376\377\0008\000.\0001\0002\000.\0003\000.\0001\0002\000\040\000p\000r\000o\000b\000e\000\137\000i\000d\000l\000e\000\137\000r\000e\000l\000i\000n\000k\000\050\000\051}{subsection.8.12.3}% 249
\BOOKMARK [3][-]{subsubsection.8.12.3.13}{\376\377\0008\000.\0001\0002\000.\0003\000.\0001\0003\000\040\000r\000e\000l\000i\000n\000k\000E\000l\000e\000m\000e\000n\000t\000s\000\050\000\051}{subsection.8.12.3}% 250
\BOOKMARK [3][-]{subsubsection.8.12.3.14}{\376\377\0008\000.\0001\0002\000.\0003\000.\0001\0004\000\040\000s\000t\000a\000r\000t\000\050\000\051}{subsection.8.12.3}% 251
\BOOKMARK [3][-]{subsubsection.8.12.3.15}{\376\377\0008\000.\0001\0002\000.\0003\000.\0001\0005\000\040\000s\000t\000o\000p\000\050\000\051}{subsection.8.12.3}% 252
\BOOKMARK [2][-]{subsection.8.12.4}{\376\377\0008\000.\0001\0002\000.\0004\000\040\004\024\004\060\004\075\004\075\004\113\004\065\000\040\004\072\004\073\004\060\004\101\004\101\004\060}{section.8.12}% 253
\BOOKMARK [3][-]{subsubsection.8.12.4.1}{\376\377\0008\000.\0001\0002\000.\0004\000.\0001\000\040\000c\000a\000m\000N\000a\000m\000e}{subsection.8.12.4}% 254
\BOOKMARK [3][-]{subsubsection.8.12.4.2}{\376\377\0008\000.\0001\0002\000.\0004\000.\0002\000\040\000c\000l\000o\000c\000k}{subsection.8.12.4}% 255
\BOOKMARK [3][-]{subsubsection.8.12.4.3}{\376\377\0008\000.\0001\0002\000.\0004\000.\0003\000\040\000d\000e\000p\000a\000y}{subsection.8.12.4}% 256
\BOOKMARK [3][-]{subsubsection.8.12.4.4}{\376\377\0008\000.\0001\0002\000.\0004\000.\0004\000\040\000e\000n\000c}{subsection.8.12.4}% 257
\BOOKMARK [3][-]{subsubsection.8.12.4.5}{\376\377\0008\000.\0001\0002\000.\0004\000.\0005\000\040\000f\000a\000k\000e\000s\000i\000n\000k}{subsection.8.12.4}% 258
\BOOKMARK [3][-]{subsubsection.8.12.4.6}{\376\377\0008\000.\0001\0002\000.\0004\000.\0006\000\040\000f\000i\000l\000e\000N\000a\000m\000e}{subsection.8.12.4}% 259
\BOOKMARK [3][-]{subsubsection.8.12.4.7}{\376\377\0008\000.\0001\0002\000.\0004\000.\0007\000\040\000f\000o\000l\000d\000e\000r}{subsection.8.12.4}% 260
\BOOKMARK [3][-]{subsubsection.8.12.4.8}{\376\377\0008\000.\0001\0002\000.\0004\000.\0008\000\040\000f\000r\000e\000e\000z\000e\000\137\000c\000h\000e\000c\000k\000\137\000i\000d}{subsection.8.12.4}% 261
\BOOKMARK [3][-]{subsubsection.8.12.4.9}{\376\377\0008\000.\0001\0002\000.\0004\000.\0009\000\040\000i\000n\000\137\000i\000d\000l\000e\000\137\000p\000r\000o\000b\000e}{subsection.8.12.4}% 262
\BOOKMARK [3][-]{subsubsection.8.12.4.10}{\376\377\0008\000.\0001\0002\000.\0004\000.\0001\0000\000\040\000l\000a\000s\000t\000B\000u\000f\000f\000e\000r\000T\000i\000m\000e}{subsection.8.12.4}% 263
\BOOKMARK [3][-]{subsubsection.8.12.4.11}{\376\377\0008\000.\0001\0002\000.\0004\000.\0001\0001\000\040\000m\000u\000x}{subsection.8.12.4}% 264
\BOOKMARK [3][-]{subsubsection.8.12.4.12}{\376\377\0008\000.\0001\0002\000.\0004\000.\0001\0002\000\040\000p\000a\000r\000s\000e}{subsection.8.12.4}% 265
\BOOKMARK [3][-]{subsubsection.8.12.4.13}{\376\377\0008\000.\0001\0002\000.\0004\000.\0001\0003\000\040\000p\000i\000p\000e\000l\000i\000n\000e}{subsection.8.12.4}% 266
\BOOKMARK [3][-]{subsubsection.8.12.4.14}{\376\377\0008\000.\0001\0002\000.\0004\000.\0001\0004\000\040\000s\000i\000n\000k}{subsection.8.12.4}% 267
\BOOKMARK [3][-]{subsubsection.8.12.4.15}{\376\377\0008\000.\0001\0002\000.\0004\000.\0001\0005\000\040\000s\000r\000c}{subsection.8.12.4}% 268
\BOOKMARK [3][-]{subsubsection.8.12.4.16}{\376\377\0008\000.\0001\0002\000.\0004\000.\0001\0006\000\040\000s\000t\000a\000t\000u\000s}{subsection.8.12.4}% 269
\BOOKMARK [3][-]{subsubsection.8.12.4.17}{\376\377\0008\000.\0001\0002\000.\0004\000.\0001\0007\000\040\000s\000t\000r\000e\000a\000m\000c\000a\000p\000s\000f\000i\000l\000t\000e\000r}{subsection.8.12.4}% 270
\BOOKMARK [3][-]{subsubsection.8.12.4.18}{\376\377\0008\000.\0001\0002\000.\0004\000.\0001\0008\000\040\000s\000t\000r\000e\000a\000m\000L\000i\000n\000k\000e\000d}{subsection.8.12.4}% 271
\BOOKMARK [3][-]{subsubsection.8.12.4.19}{\376\377\0008\000.\0001\0002\000.\0004\000.\0001\0009\000\040\000t\000e\000s\000t\000c\000a\000p\000s\000f\000i\000l\000t\000e\000r}{subsection.8.12.4}% 272
\BOOKMARK [3][-]{subsubsection.8.12.4.20}{\376\377\0008\000.\0001\0002\000.\0004\000.\0002\0000\000\040\000t\000e\000s\000t\000s\000r\000c}{subsection.8.12.4}% 273
\BOOKMARK [3][-]{subsubsection.8.12.4.21}{\376\377\0008\000.\0001\0002\000.\0004\000.\0002\0001\000\040\000t\000i\000m\000e\000o\000u\000t}{subsection.8.12.4}% 274
\BOOKMARK [3][-]{subsubsection.8.12.4.22}{\376\377\0008\000.\0001\0002\000.\0004\000.\0002\0002\000\040\000u\000r\000i}{subsection.8.12.4}% 275
\BOOKMARK [3][-]{subsubsection.8.12.4.23}{\376\377\0008\000.\0001\0002\000.\0004\000.\0002\0003\000\040\000v\000i\000d\000e\000o\000T\000i\000m\000e\000L\000i\000m\000i\000t}{subsection.8.12.4}% 276
\BOOKMARK [1][-]{section.8.13}{\376\377\0008\000.\0001\0003\000\040\004\032\004\073\004\060\004\101\004\101\000\040\000R\000o\000o\000m}{chapter.8}% 277
\BOOKMARK [2][-]{subsection.8.13.1}{\376\377\0008\000.\0001\0003\000.\0001\000\040\004\037\004\076\004\064\004\100\004\076\004\061\004\075\004\076\004\065\000\040\004\076\004\077\004\070\004\101\004\060\004\075\004\070\004\065}{section.8.13}% 278
\BOOKMARK [2][-]{subsection.8.13.2}{\376\377\0008\000.\0001\0003\000.\0002\000\040\004\032\004\076\004\075\004\101\004\102\004\100\004\103\004\072\004\102\004\076\004\100\000\050\004\113\000\051}{section.8.13}% 279
\BOOKMARK [3][-]{subsubsection.8.13.2.1}{\376\377\0008\000.\0001\0003\000.\0002\000.\0001\000\040\000R\000o\000o\000m\000\050\000\051\000\040\000[\0001\000/\0004\000]}{subsection.8.13.2}% 280
\BOOKMARK [3][-]{subsubsection.8.13.2.2}{\376\377\0008\000.\0001\0003\000.\0002\000.\0002\000\040\000R\000o\000o\000m\000\050\000\051\000\040\000[\0002\000/\0004\000]}{subsection.8.13.2}% 281
\BOOKMARK [3][-]{subsubsection.8.13.2.3}{\376\377\0008\000.\0001\0003\000.\0002\000.\0003\000\040\000R\000o\000o\000m\000\050\000\051\000\040\000[\0003\000/\0004\000]}{subsection.8.13.2}% 282
\BOOKMARK [3][-]{subsubsection.8.13.2.4}{\376\377\0008\000.\0001\0003\000.\0002\000.\0004\000\040\000R\000o\000o\000m\000\050\000\051\000\040\000[\0004\000/\0004\000]}{subsection.8.13.2}% 283
\BOOKMARK [2][-]{subsection.8.13.3}{\376\377\0008\000.\0001\0003\000.\0003\000\040\004\034\004\065\004\102\004\076\004\064\004\113}{section.8.13}% 284
\BOOKMARK [3][-]{subsubsection.8.13.3.1}{\376\377\0008\000.\0001\0003\000.\0003\000.\0001\000\040\000g\000e\000t\000A\000u\000d\000i\000o\000S\000o\000u\000r\000c\000e\000\050\000\051\000\040\000[\0001\000/\0002\000]}{subsection.8.13.3}% 285
\BOOKMARK [3][-]{subsubsection.8.13.3.2}{\376\377\0008\000.\0001\0003\000.\0003\000.\0002\000\040\000g\000e\000t\000A\000u\000d\000i\000o\000S\000o\000u\000r\000c\000e\000\050\000\051\000\040\000[\0002\000/\0002\000]}{subsection.8.13.3}% 286
\BOOKMARK [3][-]{subsubsection.8.13.3.3}{\376\377\0008\000.\0001\0003\000.\0003\000.\0003\000\040\000g\000e\000t\000C\000a\000m\000e\000r\000a\000s\000\050\000\051\000\040\000[\0001\000/\0002\000]}{subsection.8.13.3}% 287
\BOOKMARK [3][-]{subsubsection.8.13.3.4}{\376\377\0008\000.\0001\0003\000.\0003\000.\0004\000\040\000g\000e\000t\000C\000a\000m\000e\000r\000a\000s\000\050\000\051\000\040\000[\0002\000/\0002\000]}{subsection.8.13.3}% 288
\BOOKMARK [3][-]{subsubsection.8.13.3.5}{\376\377\0008\000.\0001\0003\000.\0003\000.\0005\000\040\000g\000e\000t\000N\000a\000m\000e\000\050\000\051\000\040\000[\0001\000/\0002\000]}{subsection.8.13.3}% 289
\BOOKMARK [3][-]{subsubsection.8.13.3.6}{\376\377\0008\000.\0001\0003\000.\0003\000.\0006\000\040\000g\000e\000t\000N\000a\000m\000e\000\050\000\051\000\040\000[\0002\000/\0002\000]}{subsection.8.13.3}% 290
\BOOKMARK [3][-]{subsubsection.8.13.3.7}{\376\377\0008\000.\0001\0003\000.\0003\000.\0007\000\040\000s\000e\000t\000A\000u\000d\000i\000o\000S\000o\000u\000r\000c\000e\000\050\000\051\000\040\000[\0001\000/\0002\000]}{subsection.8.13.3}% 291
\BOOKMARK [3][-]{subsubsection.8.13.3.8}{\376\377\0008\000.\0001\0003\000.\0003\000.\0008\000\040\000s\000e\000t\000A\000u\000d\000i\000o\000S\000o\000u\000r\000c\000e\000\050\000\051\000\040\000[\0002\000/\0002\000]}{subsection.8.13.3}% 292
\BOOKMARK [3][-]{subsubsection.8.13.3.9}{\376\377\0008\000.\0001\0003\000.\0003\000.\0009\000\040\000s\000e\000t\000C\000a\000m\000e\000r\000a\000s\000\050\000\051\000\040\000[\0001\000/\0002\000]}{subsection.8.13.3}% 293
\BOOKMARK [3][-]{subsubsection.8.13.3.10}{\376\377\0008\000.\0001\0003\000.\0003\000.\0001\0000\000\040\000s\000e\000t\000C\000a\000m\000e\000r\000a\000s\000\050\000\051\000\040\000[\0002\000/\0002\000]}{subsection.8.13.3}% 294
\BOOKMARK [3][-]{subsubsection.8.13.3.11}{\376\377\0008\000.\0001\0003\000.\0003\000.\0001\0001\000\040\000s\000e\000t\000N\000a\000m\000e\000\050\000\051\000\040\000[\0001\000/\0002\000]}{subsection.8.13.3}% 295
\BOOKMARK [3][-]{subsubsection.8.13.3.12}{\376\377\0008\000.\0001\0003\000.\0003\000.\0001\0002\000\040\000s\000e\000t\000N\000a\000m\000e\000\050\000\051\000\040\000[\0002\000/\0002\000]}{subsection.8.13.3}% 296
\BOOKMARK [2][-]{subsection.8.13.4}{\376\377\0008\000.\0001\0003\000.\0004\000\040\004\024\004\060\004\075\004\075\004\113\004\065\000\040\004\072\004\073\004\060\004\101\004\101\004\060}{section.8.13}% 297
\BOOKMARK [3][-]{subsubsection.8.13.4.1}{\376\377\0008\000.\0001\0003\000.\0004\000.\0001\000\040\000a\000u\000d\000i\000o}{subsection.8.13.4}% 298
\BOOKMARK [3][-]{subsubsection.8.13.4.2}{\376\377\0008\000.\0001\0003\000.\0004\000.\0002\000\040\000c\000a\000m\000e\000r\000a\000s}{subsection.8.13.4}% 299
\BOOKMARK [3][-]{subsubsection.8.13.4.3}{\376\377\0008\000.\0001\0003\000.\0004\000.\0003\000\040\000n\000a\000m\000e}{subsection.8.13.4}% 300
\BOOKMARK [3][-]{subsubsection.8.13.4.4}{\376\377\0008\000.\0001\0003\000.\0004\000.\0004\000\040\000t\000y\000p\000e}{subsection.8.13.4}% 301
\BOOKMARK [1][-]{section.8.14}{\376\377\0008\000.\0001\0004\000\040\004\041\004\102\004\100\004\103\004\072\004\102\004\103\004\100\004\060\000\040\000U\000I\000:\000:\000s\000w\000i\000t\000c\000h\000\137\000s\000t\000a\000t\000e\000\137\000c\000h\000a\000n\000g\000e\000d\000\137\000d\000a\000t\000a}{chapter.8}% 302
\BOOKMARK [2][-]{subsection.8.14.1}{\376\377\0008\000.\0001\0004\000.\0001\000\040\004\024\004\060\004\075\004\075\004\113\004\065\000\040\004\072\004\073\004\060\004\101\004\101\004\060}{section.8.14}% 303
\BOOKMARK [3][-]{subsubsection.8.14.1.1}{\376\377\0008\000.\0001\0004\000.\0001\000.\0001\000\040\000c\000a\000m}{subsection.8.14.1}% 304
\BOOKMARK [3][-]{subsubsection.8.14.1.2}{\376\377\0008\000.\0001\0004\000.\0001\000.\0002\000\040\000r\000e\000c\000o\000r\000d\000e\000r}{subsection.8.14.1}% 305
\BOOKMARK [1][-]{section.8.15}{\376\377\0008\000.\0001\0005\000\040\004\032\004\073\004\060\004\101\004\101\000\040\000U\000I}{chapter.8}% 306
\BOOKMARK [2][-]{subsection.8.15.1}{\376\377\0008\000.\0001\0005\000.\0001\000\040\004\037\004\076\004\064\004\100\004\076\004\061\004\075\004\076\004\065\000\040\004\076\004\077\004\070\004\101\004\060\004\075\004\070\004\065}{section.8.15}% 307
\BOOKMARK [2][-]{subsection.8.15.2}{\376\377\0008\000.\0001\0005\000.\0002\000\040\004\032\004\076\004\075\004\101\004\102\004\100\004\103\004\072\004\102\004\076\004\100\000\050\004\113\000\051}{section.8.15}% 308
\BOOKMARK [3][-]{subsubsection.8.15.2.1}{\376\377\0008\000.\0001\0005\000.\0002\000.\0001\000\040\000U\000I\000\050\000\051\000\040\000[\0001\000/\0002\000]}{subsection.8.15.2}% 309
\BOOKMARK [3][-]{subsubsection.8.15.2.2}{\376\377\0008\000.\0001\0005\000.\0002\000.\0002\000\040\000\040\000U\000I\000\050\000\051\000\040\000[\0001\000/\0002\000]}{subsection.8.15.2}% 310
\BOOKMARK [3][-]{subsubsection.8.15.2.3}{\376\377\0008\000.\0001\0005\000.\0002\000.\0003\000\040\000U\000I\000\050\000\051\000\040\000[\0002\000/\0002\000]}{subsection.8.15.2}% 311
\BOOKMARK [3][-]{subsubsection.8.15.2.4}{\376\377\0008\000.\0001\0005\000.\0002\000.\0004\000\040\000\040\000U\000I\000\050\000\051\000\040\000[\0002\000/\0002\000]}{subsection.8.15.2}% 312
\BOOKMARK [2][-]{subsection.8.15.3}{\376\377\0008\000.\0001\0005\000.\0003\000\040\004\034\004\065\004\102\004\076\004\064\004\113}{section.8.15}% 313
\BOOKMARK [3][-]{subsubsection.8.15.3.1}{\376\377\0008\000.\0001\0005\000.\0003\000.\0001\000\040\000d\000i\000s\000p\000l\000a\000y\000P\000l\000a\000y\000e\000r\000\050\000\051\000\040\000[\0001\000/\0002\000]}{subsection.8.15.3}% 314
\BOOKMARK [3][-]{subsubsection.8.15.3.2}{\376\377\0008\000.\0001\0005\000.\0003\000.\0002\000\040\000d\000i\000s\000p\000l\000a\000y\000P\000l\000a\000y\000e\000r\000\050\000\051\000\040\000[\0002\000/\0002\000]}{subsection.8.15.3}% 315
\BOOKMARK [3][-]{subsubsection.8.15.3.3}{\376\377\0008\000.\0001\0005\000.\0003\000.\0003\000\040\000d\000i\000s\000p\000l\000a\000y\000R\000e\000c\000o\000r\000d\000i\000n\000g\000S\000t\000a\000t\000u\000s\000\050\000\051}{subsection.8.15.3}% 316
\BOOKMARK [3][-]{subsubsection.8.15.3.4}{\376\377\0008\000.\0001\0005\000.\0003\000.\0004\000\040\000e\000d\000i\000t\000B\000u\000t\000t\000o\000n\000C\000l\000i\000c\000k\000e\000d\000\050\000\051}{subsection.8.15.3}% 317
\BOOKMARK [3][-]{subsubsection.8.15.3.5}{\376\377\0008\000.\0001\0005\000.\0003\000.\0005\000\040\000f\000i\000n\000d\000I\000P\000\050\000\051\000\040\000[\0001\000/\0002\000]}{subsection.8.15.3}% 318
\BOOKMARK [3][-]{subsubsection.8.15.3.6}{\376\377\0008\000.\0001\0005\000.\0003\000.\0006\000\040\000f\000i\000n\000d\000I\000P\000\050\000\051\000\040\000[\0002\000/\0002\000]}{subsection.8.15.3}% 319
\BOOKMARK [3][-]{subsubsection.8.15.3.7}{\376\377\0008\000.\0001\0005\000.\0003\000.\0007\000\040\000i\000n\000i\000t\000C\000a\000m\000W\000i\000d\000g\000e\000t\000s\000\050\000\051\000\040\000[\0001\000/\0002\000]}{subsection.8.15.3}% 320
\BOOKMARK [3][-]{subsubsection.8.15.3.8}{\376\377\0008\000.\0001\0005\000.\0003\000.\0008\000\040\000i\000n\000i\000t\000C\000a\000m\000W\000i\000d\000g\000e\000t\000s\000\050\000\051\000\040\000[\0002\000/\0002\000]}{subsection.8.15.3}% 321
\BOOKMARK [3][-]{subsubsection.8.15.3.9}{\376\377\0008\000.\0001\0005\000.\0003\000.\0009\000\040\000i\000n\000i\000t\000M\000e\000n\000u\000W\000i\000d\000g\000e\000t\000s\000\050\000\051\000\040\000[\0001\000/\0002\000]}{subsection.8.15.3}% 322
\BOOKMARK [3][-]{subsubsection.8.15.3.10}{\376\377\0008\000.\0001\0005\000.\0003\000.\0001\0000\000\040\000i\000n\000i\000t\000M\000e\000n\000u\000W\000i\000d\000g\000e\000t\000s\000\050\000\051\000\040\000[\0002\000/\0002\000]}{subsection.8.15.3}% 323
\BOOKMARK [3][-]{subsubsection.8.15.3.11}{\376\377\0008\000.\0001\0005\000.\0003\000.\0001\0001\000\040\000i\000n\000i\000t\000P\000l\000a\000y\000e\000r\000W\000i\000d\000g\000e\000t\000s\000\050\000\051}{subsection.8.15.3}% 324
\BOOKMARK [3][-]{subsubsection.8.15.3.12}{\376\377\0008\000.\0001\0005\000.\0003\000.\0001\0002\000\040\000i\000n\000i\000t\000R\000o\000o\000m\000T\000a\000b\000\050\000\051\000\040\000[\0001\000/\0002\000]}{subsection.8.15.3}% 325
\BOOKMARK [3][-]{subsubsection.8.15.3.13}{\376\377\0008\000.\0001\0005\000.\0003\000.\0001\0003\000\040\000i\000n\000i\000t\000R\000o\000o\000m\000T\000a\000b\000\050\000\051\000\040\000[\0002\000/\0002\000]}{subsection.8.15.3}% 326
\BOOKMARK [3][-]{subsubsection.8.15.3.14}{\376\377\0008\000.\0001\0005\000.\0003\000.\0001\0004\000\040\000i\000n\000i\000t\000S\000t\000y\000l\000e\000s\000\050\000\051\000\040\000[\0001\000/\0002\000]}{subsection.8.15.3}% 327
\BOOKMARK [3][-]{subsubsection.8.15.3.15}{\376\377\0008\000.\0001\0005\000.\0003\000.\0001\0005\000\040\000i\000n\000i\000t\000S\000t\000y\000l\000e\000s\000\050\000\051\000\040\000[\0002\000/\0002\000]}{subsection.8.15.3}% 328
\BOOKMARK [3][-]{subsubsection.8.15.3.16}{\376\377\0008\000.\0001\0005\000.\0003\000.\0001\0006\000\040\000k\000e\000y\000P\000r\000e\000s\000s\000\050\000\051\000\040\000[\0001\000/\0002\000]}{subsection.8.15.3}% 329
\BOOKMARK [3][-]{subsubsection.8.15.3.17}{\376\377\0008\000.\0001\0005\000.\0003\000.\0001\0007\000\040\000k\000e\000y\000P\000r\000e\000s\000s\000\050\000\051\000\040\000[\0002\000/\0002\000]}{subsection.8.15.3}% 330
\BOOKMARK [3][-]{subsubsection.8.15.3.18}{\376\377\0008\000.\0001\0005\000.\0003\000.\0001\0008\000\040\000o\000n\000\137\000s\000h\000o\000w\000\050\000\051}{subsection.8.15.3}% 331
\BOOKMARK [3][-]{subsubsection.8.15.3.19}{\376\377\0008\000.\0001\0005\000.\0003\000.\0001\0009\000\040\000p\000a\000g\000e\000S\000w\000i\000t\000c\000h\000e\000d\000\050\000\051}{subsection.8.15.3}% 332
\BOOKMARK [3][-]{subsubsection.8.15.3.20}{\376\377\0008\000.\0001\0005\000.\0003\000.\0002\0000\000\040\000s\000w\000i\000t\000c\000h\000S\000t\000a\000t\000e\000C\000h\000a\000n\000g\000e\000d\000\050\000\051}{subsection.8.15.3}% 333
\BOOKMARK [3][-]{subsubsection.8.15.3.21}{\376\377\0008\000.\0001\0005\000.\0003\000.\0002\0001\000\040\000u\000p\000d\000a\000t\000e\000G\000D\000r\000i\000v\000e\000S\000t\000a\000t\000u\000s\000\050\000\051}{subsection.8.15.3}% 334
\BOOKMARK [3][-]{subsubsection.8.15.3.22}{\376\377\0008\000.\0001\0005\000.\0003\000.\0002\0002\000\040\000w\000i\000n\000d\000o\000w\000I\000n\000i\000t\000\050\000\051\000\040\000[\0001\000/\0002\000]}{subsection.8.15.3}% 335
\BOOKMARK [3][-]{subsubsection.8.15.3.23}{\376\377\0008\000.\0001\0005\000.\0003\000.\0002\0003\000\040\000w\000i\000n\000d\000o\000w\000I\000n\000i\000t\000\050\000\051\000\040\000[\0002\000/\0002\000]}{subsection.8.15.3}% 336
\BOOKMARK [2][-]{subsection.8.15.4}{\376\377\0008\000.\0001\0005\000.\0004\000\040\004\024\004\060\004\075\004\075\004\113\004\065\000\040\004\072\004\073\004\060\004\101\004\101\004\060}{section.8.15}% 337
\BOOKMARK [3][-]{subsubsection.8.15.4.1}{\376\377\0008\000.\0001\0005\000.\0004\000.\0001\000\040\000c\000o\000n\000f\000i\000g}{subsection.8.15.4}% 338
\BOOKMARK [3][-]{subsubsection.8.15.4.2}{\376\377\0008\000.\0001\0005\000.\0004\000.\0002\000\040\000e\000d\000i\000t\000B\000u\000t\000t\000o\000n}{subsection.8.15.4}% 339
\BOOKMARK [3][-]{subsubsection.8.15.4.3}{\376\377\0008\000.\0001\0005\000.\0004\000.\0003\000\040\000m\000e\000n\000u\000B\000u\000i\000l\000d\000e\000r}{subsection.8.15.4}% 340
\BOOKMARK [3][-]{subsubsection.8.15.4.4}{\376\377\0008\000.\0001\0005\000.\0004\000.\0004\000\040\000m\000e\000n\000u\000W\000i\000n\000d\000o\000w}{subsection.8.15.4}% 341
\BOOKMARK [3][-]{subsubsection.8.15.4.5}{\376\377\0008\000.\0001\0005\000.\0004\000.\0005\000\040\000p\000l\000a\000y\000e\000r}{subsection.8.15.4}% 342
\BOOKMARK [3][-]{subsubsection.8.15.4.6}{\376\377\0008\000.\0001\0005\000.\0004\000.\0006\000\040\000p\000l\000a\000y\000e\000r\000B\000u\000i\000l\000d\000e\000r}{subsection.8.15.4}% 343
\BOOKMARK [3][-]{subsubsection.8.15.4.7}{\376\377\0008\000.\0001\0005\000.\0004\000.\0007\000\040\000p\000l\000a\000y\000e\000r\000L\000a\000b\000e\000l}{subsection.8.15.4}% 344
\BOOKMARK [3][-]{subsubsection.8.15.4.8}{\376\377\0008\000.\0001\0005\000.\0004\000.\0008\000\040\000p\000l\000a\000y\000e\000r\000s}{subsection.8.15.4}% 345
\BOOKMARK [3][-]{subsubsection.8.15.4.9}{\376\377\0008\000.\0001\0005\000.\0004\000.\0009\000\040\000p\000l\000a\000y\000e\000r\000W\000i\000d\000g\000e\000t}{subsection.8.15.4}% 346
\BOOKMARK [3][-]{subsubsection.8.15.4.10}{\376\377\0008\000.\0001\0005\000.\0004\000.\0001\0000\000\040\000p\000l\000a\000y\000e\000r\000W\000i\000n\000d\000o\000w}{subsection.8.15.4}% 347
\BOOKMARK [3][-]{subsubsection.8.15.4.11}{\376\377\0008\000.\0001\0005\000.\0004\000.\0001\0001\000\040\000p\000l\000a\000y\000i\000n\000g\000C\000a\000m\000N\000a\000m\000e}{subsection.8.15.4}% 348
\BOOKMARK [3][-]{subsubsection.8.15.4.12}{\376\377\0008\000.\0001\0005\000.\0004\000.\0001\0002\000\040\000r\000e\000c\000o\000r\000d\000e\000r}{subsection.8.15.4}% 349
\BOOKMARK [3][-]{subsubsection.8.15.4.13}{\376\377\0008\000.\0001\0005\000.\0004\000.\0001\0003\000\040\000r\000o\000o\000m\000s}{subsection.8.15.4}% 350
\BOOKMARK [3][-]{subsubsection.8.15.4.14}{\376\377\0008\000.\0001\0005\000.\0004\000.\0001\0004\000\040\000s\000w\000i\000t\000c\000h\000G\000r\000i\000d\000V}{subsection.8.15.4}% 351
\BOOKMARK [1][-]{section.8.16}{\376\377\0008\000.\0001\0006\000\040\004\032\004\073\004\060\004\101\004\101\000\040\000u\000i\000.\000U\000I\000G\000r\000a\000p\000h}{chapter.8}% 352
\BOOKMARK [2][-]{subsection.8.16.1}{\376\377\0008\000.\0001\0006\000.\0001\000\040\004\032\004\076\004\075\004\101\004\102\004\100\004\103\004\072\004\102\004\076\004\100\000\050\004\113\000\051}{section.8.16}% 353
\BOOKMARK [3][-]{subsubsection.8.16.1.1}{\376\377\0008\000.\0001\0006\000.\0001\000.\0001\000\040\000\137\000\137\000i\000n\000i\000t\000\137\000\137\000\050\000\051}{subsection.8.16.1}% 354
\BOOKMARK [1][-]{section.8.17}{\376\377\0008\000.\0001\0007\000\040\004\032\004\073\004\060\004\101\004\101\000\040\000u\000i\000.\000U\000I\000M\000e\000n\000u}{chapter.8}% 355
\BOOKMARK [2][-]{subsection.8.17.1}{\376\377\0008\000.\0001\0007\000.\0001\000\040\004\032\004\076\004\075\004\101\004\102\004\100\004\103\004\072\004\102\004\076\004\100\000\050\004\113\000\051}{section.8.17}% 356
\BOOKMARK [3][-]{subsubsection.8.17.1.1}{\376\377\0008\000.\0001\0007\000.\0001\000.\0001\000\040\000\137\000\137\000i\000n\000i\000t\000\137\000\137\000\050\000\051}{subsection.8.17.1}% 357
\BOOKMARK [0][-]{chapter.9}{\376\377\0009\000\040\004\044\004\060\004\071\004\073\004\113}{}% 358
\BOOKMARK [1][-]{section.9.1}{\376\377\0009\000.\0001\000\040\004\044\004\060\004\071\004\073\000\040\000g\000r\000o\000u\000p\000s\000.\000d\000o\000x}{chapter.9}% 359
\BOOKMARK [1][-]{section.9.2}{\376\377\0009\000.\0002\000\040\004\044\004\060\004\071\004\073\000\040\000/\000h\000o\000m\000e\000/\000j\000e\000t\000s\000o\000n\000/\000c\000o\000n\000t\000r\000o\000l\000r\000o\000o\000m\000/\000S\000t\000u\000d\000i\000o\000/\000N\000e\000t\000w\000o\000r\000k\000/\000s\000r\000c\000/\000u\000i\000.\000p\000y}{chapter.9}% 360
\BOOKMARK [1][-]{section.9.3}{\376\377\0009\000.\0003\000\040\004\044\004\060\004\071\004\073\000\040\000/\000h\000o\000m\000e\000/\000j\000e\000t\000s\000o\000n\000/\000c\000o\000n\000t\000r\000o\000l\000r\000o\000o\000m\000/\000S\000t\000u\000d\000i\000o\000/\000O\000p\000e\000r\000a\000t\000o\000r\000/\000G\000r\000i\000d\000/\000i\000n\000c\000l\000u\000d\000e\000/\000c\000o\000n\000f\000i\000g\000.\000h}{chapter.9}% 361
\BOOKMARK [1][-]{section.9.4}{\376\377\0009\000.\0004\000\040\004\044\004\060\004\071\004\073\000\040\000/\000h\000o\000m\000e\000/\000j\000e\000t\000s\000o\000n\000/\000c\000o\000n\000t\000r\000o\000l\000r\000o\000o\000m\000/\000S\000t\000u\000d\000i\000o\000/\000R\000e\000c\000o\000r\000d\000e\000r\000/\000i\000n\000c\000l\000u\000d\000e\000/\000c\000o\000n\000f\000i\000g\000.\000h}{chapter.9}% 362
\BOOKMARK [1][-]{section.9.5}{\376\377\0009\000.\0005\000\040\004\044\004\060\004\071\004\073\000\040\000/\000h\000o\000m\000e\000/\000j\000e\000t\000s\000o\000n\000/\000c\000o\000n\000t\000r\000o\000l\000r\000o\000o\000m\000/\000S\000t\000u\000d\000i\000o\000/\000O\000p\000e\000r\000a\000t\000o\000r\000/\000G\000r\000i\000d\000/\000i\000n\000c\000l\000u\000d\000e\000/\000p\000l\000a\000y\000e\000r\000.\000h}{chapter.9}% 363
\BOOKMARK [1][-]{section.9.6}{\376\377\0009\000.\0006\000\040\004\044\004\060\004\071\004\073\000\040\000/\000h\000o\000m\000e\000/\000j\000e\000t\000s\000o\000n\000/\000c\000o\000n\000t\000r\000o\000l\000r\000o\000o\000m\000/\000S\000t\000u\000d\000i\000o\000/\000R\000e\000c\000o\000r\000d\000e\000r\000/\000i\000n\000c\000l\000u\000d\000e\000/\000p\000l\000a\000y\000e\000r\000.\000h}{chapter.9}% 364
\BOOKMARK [1][-]{section.9.7}{\376\377\0009\000.\0007\000\040\004\044\004\060\004\071\004\073\000\040\000/\000h\000o\000m\000e\000/\000j\000e\000t\000s\000o\000n\000/\000c\000o\000n\000t\000r\000o\000l\000r\000o\000o\000m\000/\000S\000t\000u\000d\000i\000o\000/\000O\000p\000e\000r\000a\000t\000o\000r\000/\000G\000r\000i\000d\000/\000i\000n\000c\000l\000u\000d\000e\000/\000r\000o\000o\000m\000.\000h}{chapter.9}% 365
\BOOKMARK [2][-]{subsection.9.7.1}{\376\377\0009\000.\0007\000.\0001\000\040\004\037\004\065\004\100\004\065\004\107\004\070\004\101\004\073\004\065\004\075\004\070\004\117}{section.9.7}% 366
\BOOKMARK [3][-]{subsubsection.9.7.1.1}{\376\377\0009\000.\0007\000.\0001\000.\0001\000\040\000r\000o\000o\000m\000\137\000t}{subsection.9.7.1}% 367
\BOOKMARK [1][-]{section.9.8}{\376\377\0009\000.\0008\000\040\004\044\004\060\004\071\004\073\000\040\000/\000h\000o\000m\000e\000/\000j\000e\000t\000s\000o\000n\000/\000c\000o\000n\000t\000r\000o\000l\000r\000o\000o\000m\000/\000S\000t\000u\000d\000i\000o\000/\000R\000e\000c\000o\000r\000d\000e\000r\000/\000i\000n\000c\000l\000u\000d\000e\000/\000r\000o\000o\000m\000.\000h}{chapter.9}% 368
\BOOKMARK [2][-]{subsection.9.8.1}{\376\377\0009\000.\0008\000.\0001\000\040\004\037\004\065\004\100\004\065\004\107\004\070\004\101\004\073\004\065\004\075\004\070\004\117}{section.9.8}% 369
\BOOKMARK [3][-]{subsubsection.9.8.1.1}{\376\377\0009\000.\0008\000.\0001\000.\0001\000\040\000r\000o\000o\000m\000\137\000t}{subsection.9.8.1}% 370
\BOOKMARK [1][-]{section.9.9}{\376\377\0009\000.\0009\000\040\004\044\004\060\004\071\004\073\000\040\000/\000h\000o\000m\000e\000/\000j\000e\000t\000s\000o\000n\000/\000c\000o\000n\000t\000r\000o\000l\000r\000o\000o\000m\000/\000S\000t\000u\000d\000i\000o\000/\000O\000p\000e\000r\000a\000t\000o\000r\000/\000G\000r\000i\000d\000/\000i\000n\000c\000l\000u\000d\000e\000/\000u\000i\000.\000h}{chapter.9}% 371
\BOOKMARK [1][-]{section.9.10}{\376\377\0009\000.\0001\0000\000\040\004\044\004\060\004\071\004\073\000\040\000/\000h\000o\000m\000e\000/\000j\000e\000t\000s\000o\000n\000/\000c\000o\000n\000t\000r\000o\000l\000r\000o\000o\000m\000/\000S\000t\000u\000d\000i\000o\000/\000R\000e\000c\000o\000r\000d\000e\000r\000/\000i\000n\000c\000l\000u\000d\000e\000/\000u\000i\000.\000h}{chapter.9}% 372
\BOOKMARK [1][-]{section.9.11}{\376\377\0009\000.\0001\0001\000\040\004\044\004\060\004\071\004\073\000\040\000/\000h\000o\000m\000e\000/\000j\000e\000t\000s\000o\000n\000/\000c\000o\000n\000t\000r\000o\000l\000r\000o\000o\000m\000/\000S\000t\000u\000d\000i\000o\000/\000O\000p\000e\000r\000a\000t\000o\000r\000/\000G\000r\000i\000d\000/\000s\000r\000c\000/\000c\000o\000n\000f\000i\000g\000.\000c\000p\000p}{chapter.9}% 373
\BOOKMARK [1][-]{section.9.12}{\376\377\0009\000.\0001\0002\000\040\004\044\004\060\004\071\004\073\000\040\000/\000h\000o\000m\000e\000/\000j\000e\000t\000s\000o\000n\000/\000c\000o\000n\000t\000r\000o\000l\000r\000o\000o\000m\000/\000S\000t\000u\000d\000i\000o\000/\000R\000e\000c\000o\000r\000d\000e\000r\000/\000s\000r\000c\000/\000c\000o\000n\000f\000i\000g\000.\000c\000p\000p}{chapter.9}% 374
\BOOKMARK [1][-]{section.9.13}{\376\377\0009\000.\0001\0003\000\040\004\044\004\060\004\071\004\073\000\040\000/\000h\000o\000m\000e\000/\000j\000e\000t\000s\000o\000n\000/\000c\000o\000n\000t\000r\000o\000l\000r\000o\000o\000m\000/\000S\000t\000u\000d\000i\000o\000/\000O\000p\000e\000r\000a\000t\000o\000r\000/\000G\000r\000i\000d\000/\000s\000r\000c\000/\000f\000r\000o\000m\000-\000g\000s\000u\000i\000t\000e\000.\000p\000y}{chapter.9}% 375
\BOOKMARK [1][-]{section.9.14}{\376\377\0009\000.\0001\0004\000\040\004\044\004\060\004\071\004\073\000\040\000/\000h\000o\000m\000e\000/\000j\000e\000t\000s\000o\000n\000/\000c\000o\000n\000t\000r\000o\000l\000r\000o\000o\000m\000/\000S\000t\000u\000d\000i\000o\000/\000R\000e\000c\000o\000r\000d\000e\000r\000/\000s\000r\000c\000/\000f\000r\000o\000m\000-\000g\000s\000u\000i\000t\000e\000.\000p\000y}{chapter.9}% 376
\BOOKMARK [1][-]{section.9.15}{\376\377\0009\000.\0001\0005\000\040\004\044\004\060\004\071\004\073\000\040\000/\000h\000o\000m\000e\000/\000j\000e\000t\000s\000o\000n\000/\000c\000o\000n\000t\000r\000o\000l\000r\000o\000o\000m\000/\000S\000t\000u\000d\000i\000o\000/\000O\000p\000e\000r\000a\000t\000o\000r\000/\000G\000r\000i\000d\000/\000s\000r\000c\000/\000m\000a\000i\000n\000.\000c\000p\000p}{chapter.9}% 377
\BOOKMARK [2][-]{subsection.9.15.1}{\376\377\0009\000.\0001\0005\000.\0001\000\040\004\044\004\103\004\075\004\072\004\106\004\070\004\070}{section.9.15}% 378
\BOOKMARK [3][-]{subsubsection.9.15.1.1}{\376\377\0009\000.\0001\0005\000.\0001\000.\0001\000\040\000m\000a\000i\000n\000\050\000\051}{subsection.9.15.1}% 379
\BOOKMARK [1][-]{section.9.16}{\376\377\0009\000.\0001\0006\000\040\004\044\004\060\004\071\004\073\000\040\000/\000h\000o\000m\000e\000/\000j\000e\000t\000s\000o\000n\000/\000c\000o\000n\000t\000r\000o\000l\000r\000o\000o\000m\000/\000S\000t\000u\000d\000i\000o\000/\000R\000e\000c\000o\000r\000d\000e\000r\000/\000s\000r\000c\000/\000m\000a\000i\000n\000.\000c\000p\000p}{chapter.9}% 380
\BOOKMARK [2][-]{subsection.9.16.1}{\376\377\0009\000.\0001\0006\000.\0001\000\040\004\044\004\103\004\075\004\072\004\106\004\070\004\070}{section.9.16}% 381
\BOOKMARK [3][-]{subsubsection.9.16.1.1}{\376\377\0009\000.\0001\0006\000.\0001\000.\0001\000\040\000m\000a\000i\000n\000\050\000\051}{subsection.9.16.1}% 382
\BOOKMARK [1][-]{section.9.17}{\376\377\0009\000.\0001\0007\000\040\004\044\004\060\004\071\004\073\000\040\000/\000h\000o\000m\000e\000/\000j\000e\000t\000s\000o\000n\000/\000c\000o\000n\000t\000r\000o\000l\000r\000o\000o\000m\000/\000S\000t\000u\000d\000i\000o\000/\000O\000p\000e\000r\000a\000t\000o\000r\000/\000G\000r\000i\000d\000/\000s\000r\000c\000/\000p\000l\000a\000y\000e\000r\000.\000c\000p\000p}{chapter.9}% 383
\BOOKMARK [1][-]{section.9.18}{\376\377\0009\000.\0001\0008\000\040\004\044\004\060\004\071\004\073\000\040\000/\000h\000o\000m\000e\000/\000j\000e\000t\000s\000o\000n\000/\000c\000o\000n\000t\000r\000o\000l\000r\000o\000o\000m\000/\000S\000t\000u\000d\000i\000o\000/\000R\000e\000c\000o\000r\000d\000e\000r\000/\000s\000r\000c\000/\000p\000l\000a\000y\000e\000r\000.\000c\000p\000p}{chapter.9}% 384
\BOOKMARK [1][-]{section.9.19}{\376\377\0009\000.\0001\0009\000\040\004\044\004\060\004\071\004\073\000\040\000/\000h\000o\000m\000e\000/\000j\000e\000t\000s\000o\000n\000/\000c\000o\000n\000t\000r\000o\000l\000r\000o\000o\000m\000/\000S\000t\000u\000d\000i\000o\000/\000O\000p\000e\000r\000a\000t\000o\000r\000/\000G\000r\000i\000d\000/\000s\000r\000c\000/\000u\000i\000.\000c\000p\000p}{chapter.9}% 385
\BOOKMARK [1][-]{section.9.20}{\376\377\0009\000.\0002\0000\000\040\004\044\004\060\004\071\004\073\000\040\000/\000h\000o\000m\000e\000/\000j\000e\000t\000s\000o\000n\000/\000c\000o\000n\000t\000r\000o\000l\000r\000o\000o\000m\000/\000S\000t\000u\000d\000i\000o\000/\000R\000e\000c\000o\000r\000d\000e\000r\000/\000s\000r\000c\000/\000u\000i\000.\000c\000p\000p}{chapter.9}% 386
\BOOKMARK [1][-]{section.9.21}{\376\377\0009\000.\0002\0001\000\040\004\044\004\060\004\071\004\073\000\040\000/\000h\000o\000m\000e\000/\000j\000e\000t\000s\000o\000n\000/\000c\000o\000n\000t\000r\000o\000l\000r\000o\000o\000m\000/\000S\000t\000u\000d\000i\000o\000/\000R\000e\000c\000o\000r\000d\000e\000r\000/\000i\000n\000c\000l\000u\000d\000e\000/\000r\000e\000c\000o\000r\000d\000e\000r\000.\000h}{chapter.9}% 387
\BOOKMARK [1][-]{section.9.22}{\376\377\0009\000.\0002\0002\000\040\004\044\004\060\004\071\004\073\000\040\000/\000h\000o\000m\000e\000/\000j\000e\000t\000s\000o\000n\000/\000c\000o\000n\000t\000r\000o\000l\000r\000o\000o\000m\000/\000S\000t\000u\000d\000i\000o\000/\000R\000e\000c\000o\000r\000d\000e\000r\000/\000i\000n\000c\000l\000u\000d\000e\000/\000r\000e\000c\000o\000r\000d\000i\000n\000g\000.\000h}{chapter.9}% 388
\BOOKMARK [2][-]{subsection.9.22.1}{\376\377\0009\000.\0002\0002\000.\0001\000\040\004\037\004\065\004\100\004\065\004\107\004\070\004\101\004\073\004\065\004\075\004\070\004\117}{section.9.22}% 389
\BOOKMARK [3][-]{subsubsection.9.22.1.1}{\376\377\0009\000.\0002\0002\000.\0001\000.\0001\000\040\000s\000t\000a\000t\000u\000s\000\137\000t}{subsection.9.22.1}% 390
\BOOKMARK [1][-]{section.9.23}{\376\377\0009\000.\0002\0003\000\040\004\044\004\060\004\071\004\073\000\040\000/\000h\000o\000m\000e\000/\000j\000e\000t\000s\000o\000n\000/\000c\000o\000n\000t\000r\000o\000l\000r\000o\000o\000m\000/\000S\000t\000u\000d\000i\000o\000/\000R\000e\000c\000o\000r\000d\000e\000r\000/\000s\000r\000c\000/\000g\000p\000i\000o\000.\000p\000y}{chapter.9}% 391
\BOOKMARK [1][-]{section.9.24}{\376\377\0009\000.\0002\0004\000\040\004\044\004\060\004\071\004\073\000\040\000/\000h\000o\000m\000e\000/\000j\000e\000t\000s\000o\000n\000/\000c\000o\000n\000t\000r\000o\000l\000r\000o\000o\000m\000/\000S\000t\000u\000d\000i\000o\000/\000R\000e\000c\000o\000r\000d\000e\000r\000/\000s\000r\000c\000/\000r\000e\000c\000o\000r\000d\000e\000r\000.\000c\000p\000p}{chapter.9}% 392
\BOOKMARK [1][-]{section.9.25}{\376\377\0009\000.\0002\0005\000\040\004\044\004\060\004\071\004\073\000\040\000/\000h\000o\000m\000e\000/\000j\000e\000t\000s\000o\000n\000/\000c\000o\000n\000t\000r\000o\000l\000r\000o\000o\000m\000/\000S\000t\000u\000d\000i\000o\000/\000R\000e\000c\000o\000r\000d\000e\000r\000/\000s\000r\000c\000/\000r\000e\000c\000o\000r\000d\000i\000n\000g\000.\000c\000p\000p}{chapter.9}% 393
\BOOKMARK [1][-]{section.9.26}{\376\377\0009\000.\0002\0006\000\040\004\044\004\060\004\071\004\073\000\040\000/\000h\000o\000m\000e\000/\000j\000e\000t\000s\000o\000n\000/\000c\000o\000n\000t\000r\000o\000l\000r\000o\000o\000m\000/\000S\000t\000u\000d\000i\000o\000/\000R\000e\000c\000o\000r\000d\000e\000r\000/\000s\000r\000c\000/\000v\000i\000d\000e\000o\000-\000u\000p\000l\000o\000a\000d\000.\000p\000y}{chapter.9}% 394
\BOOKMARK [0][-]{section*.163}{\376\377\004\020\004\073\004\104\004\060\004\062\004\070\004\102\004\075\004\113\004\071\000\040\004\103\004\072\004\060\004\067\004\060\004\102\004\065\004\073\004\114}{}% 395
